  main.cpp
C:\Users\Krzysio\source\repos\de373c4d-gr11-repo\Projekt\Warcaby PK4\Warcaby PK4\main.cpp(1,8): error C2143: błąd składniowy: brakuje „;” przed „<”
C:\Users\Krzysio\source\repos\de373c4d-gr11-repo\Projekt\Warcaby PK4\Warcaby PK4\main.cpp(1,8): error C4430: brak specyfikatora typu - założono, że int. Uwaga: C++ nie obsługuje domyślnie typu int
C:\Users\Krzysio\source\repos\de373c4d-gr11-repo\Projekt\Warcaby PK4\Warcaby PK4\main.cpp(2,8): error C2143: błąd składniowy: brakuje „;” przed „<”
C:\Users\Krzysio\source\repos\de373c4d-gr11-repo\Projekt\Warcaby PK4\Warcaby PK4\main.cpp(2,8): error C4430: brak specyfikatora typu - założono, że int. Uwaga: C++ nie obsługuje domyślnie typu int
C:\Users\Krzysio\source\repos\de373c4d-gr11-repo\Projekt\Warcaby PK4\Warcaby PK4\main.cpp(2,1): error C2086: "int import": zmiana definicji
C:\Users\Krzysio\source\repos\de373c4d-gr11-repo\Projekt\Warcaby PK4\Warcaby PK4\main.cpp(1): message : zobacz deklarację „import”
C:\Users\Krzysio\source\repos\de373c4d-gr11-repo\Projekt\Warcaby PK4\Warcaby PK4\main.cpp(3,8): error C2143: błąd składniowy: brakuje „;” przed „<”
C:\Users\Krzysio\source\repos\de373c4d-gr11-repo\Projekt\Warcaby PK4\Warcaby PK4\main.cpp(3,8): error C4430: brak specyfikatora typu - założono, że int. Uwaga: C++ nie obsługuje domyślnie typu int
C:\Users\Krzysio\source\repos\de373c4d-gr11-repo\Projekt\Warcaby PK4\Warcaby PK4\main.cpp(3,1): error C2086: "int import": zmiana definicji
C:\Users\Krzysio\source\repos\de373c4d-gr11-repo\Projekt\Warcaby PK4\Warcaby PK4\main.cpp(1): message : zobacz deklarację „import”
C:\Users\Krzysio\source\repos\de373c4d-gr11-repo\Projekt\Warcaby PK4\Warcaby PK4\main.cpp(4,8): error C2143: błąd składniowy: brakuje „;” przed „<”
C:\Users\Krzysio\source\repos\de373c4d-gr11-repo\Projekt\Warcaby PK4\Warcaby PK4\main.cpp(4,8): error C4430: brak specyfikatora typu - założono, że int. Uwaga: C++ nie obsługuje domyślnie typu int
C:\Users\Krzysio\source\repos\de373c4d-gr11-repo\Projekt\Warcaby PK4\Warcaby PK4\main.cpp(4,1): error C2086: "int import": zmiana definicji
C:\Users\Krzysio\source\repos\de373c4d-gr11-repo\Projekt\Warcaby PK4\Warcaby PK4\main.cpp(1): message : zobacz deklarację „import”
C:\Users\Krzysio\source\repos\de373c4d-gr11-repo\Projekt\Warcaby PK4\Warcaby PK4\main.cpp(5,12): error C4430: brak specyfikatora typu - założono, że int. Uwaga: C++ nie obsługuje domyślnie typu int
C:\Users\Krzysio\source\repos\de373c4d-gr11-repo\Projekt\Warcaby PK4\Warcaby PK4\main.cpp(5,1): error C2086: "int import": zmiana definicji
C:\Users\Krzysio\source\repos\de373c4d-gr11-repo\Projekt\Warcaby PK4\Warcaby PK4\main.cpp(1): message : zobacz deklarację „import”
C:\Users\Krzysio\source\repos\de373c4d-gr11-repo\Projekt\Warcaby PK4\Warcaby PK4\main.cpp(5,8): error C2146: błąd składniowy: brakuje „;” przed identyfikatorem „pola”
C:\Users\Krzysio\source\repos\de373c4d-gr11-repo\Projekt\Warcaby PK4\Warcaby PK4\main.cpp(6,18): error C4430: brak specyfikatora typu - założono, że int. Uwaga: C++ nie obsługuje domyślnie typu int
C:\Users\Krzysio\source\repos\de373c4d-gr11-repo\Projekt\Warcaby PK4\Warcaby PK4\main.cpp(6,1): error C2086: "int import": zmiana definicji
C:\Users\Krzysio\source\repos\de373c4d-gr11-repo\Projekt\Warcaby PK4\Warcaby PK4\main.cpp(1): message : zobacz deklarację „import”
C:\Users\Krzysio\source\repos\de373c4d-gr11-repo\Projekt\Warcaby PK4\Warcaby PK4\main.cpp(6,8): error C2146: błąd składniowy: brakuje „;” przed identyfikatorem „Warcabnica”
C:\Users\Krzysio\source\repos\de373c4d-gr11-repo\Projekt\Warcaby PK4\Warcaby PK4\main.cpp(7,12): error C4430: brak specyfikatora typu - założono, że int. Uwaga: C++ nie obsługuje domyślnie typu int
C:\Users\Krzysio\source\repos\de373c4d-gr11-repo\Projekt\Warcaby PK4\Warcaby PK4\main.cpp(7,1): error C2086: "int import": zmiana definicji
C:\Users\Krzysio\source\repos\de373c4d-gr11-repo\Projekt\Warcaby PK4\Warcaby PK4\main.cpp(1): message : zobacz deklarację „import”
C:\Users\Krzysio\source\repos\de373c4d-gr11-repo\Projekt\Warcaby PK4\Warcaby PK4\main.cpp(7,8): error C2146: błąd składniowy: brakuje „;” przed identyfikatorem „ruch”
C:\Users\Krzysio\source\repos\de373c4d-gr11-repo\Projekt\Warcaby PK4\Warcaby PK4\main.cpp(8,13): error C4430: brak specyfikatora typu - założono, że int. Uwaga: C++ nie obsługuje domyślnie typu int
C:\Users\Krzysio\source\repos\de373c4d-gr11-repo\Projekt\Warcaby PK4\Warcaby PK4\main.cpp(8,1): error C2086: "int import": zmiana definicji
C:\Users\Krzysio\source\repos\de373c4d-gr11-repo\Projekt\Warcaby PK4\Warcaby PK4\main.cpp(1): message : zobacz deklarację „import”
C:\Users\Krzysio\source\repos\de373c4d-gr11-repo\Projekt\Warcaby PK4\Warcaby PK4\main.cpp(8,8): error C2146: błąd składniowy: brakuje „;” przed identyfikatorem „timer”
C:\Users\Krzysio\source\repos\de373c4d-gr11-repo\Projekt\Warcaby PK4\Warcaby PK4\main.cpp(9,17): error C4430: brak specyfikatora typu - założono, że int. Uwaga: C++ nie obsługuje domyślnie typu int
C:\Users\Krzysio\source\repos\de373c4d-gr11-repo\Projekt\Warcaby PK4\Warcaby PK4\main.cpp(9,1): error C2086: "int import": zmiana definicji
C:\Users\Krzysio\source\repos\de373c4d-gr11-repo\Projekt\Warcaby PK4\Warcaby PK4\main.cpp(1): message : zobacz deklarację „import”
C:\Users\Krzysio\source\repos\de373c4d-gr11-repo\Projekt\Warcaby PK4\Warcaby PK4\main.cpp(9,8): error C2146: błąd składniowy: brakuje „;” przed identyfikatorem „regexMail”
C:\Users\Krzysio\source\repos\de373c4d-gr11-repo\Projekt\Warcaby PK4\Warcaby PK4\main.cpp(12,2): error C2065: "Warcabnica": niezadeklarowany identyfikator
C:\Users\Krzysio\source\repos\de373c4d-gr11-repo\Projekt\Warcaby PK4\Warcaby PK4\main.cpp(12,13): error C2146: błąd składniowy: brakuje „;” przed identyfikatorem „warcabnica”
C:\Users\Krzysio\source\repos\de373c4d-gr11-repo\Projekt\Warcaby PK4\Warcaby PK4\main.cpp(12,13): error C2065: "warcabnica": niezadeklarowany identyfikator
C:\Users\Krzysio\source\repos\de373c4d-gr11-repo\Projekt\Warcaby PK4\Warcaby PK4\main.cpp(13,2): error C2065: "ruch": niezadeklarowany identyfikator
C:\Users\Krzysio\source\repos\de373c4d-gr11-repo\Projekt\Warcaby PK4\Warcaby PK4\main.cpp(13,7): error C2146: błąd składniowy: brakuje „;” przed identyfikatorem „ruszanie”
C:\Users\Krzysio\source\repos\de373c4d-gr11-repo\Projekt\Warcaby PK4\Warcaby PK4\main.cpp(13,16): error C2065: "warcabnica": niezadeklarowany identyfikator
C:\Users\Krzysio\source\repos\de373c4d-gr11-repo\Projekt\Warcaby PK4\Warcaby PK4\main.cpp(13,7): error C3861: "ruszanie": identyfikatora nie odnaleziono
C:\Users\Krzysio\source\repos\de373c4d-gr11-repo\Projekt\Warcaby PK4\Warcaby PK4\main.cpp(14,7): error C2039: „promise”: nie jest składową elementu „std”
C:\Users\Krzysio\source\repos\de373c4d-gr11-repo\Projekt\Warcaby PK4\Warcaby PK4\predefined C++ types (compiler internal)(340): message : zobacz deklarację „std”
C:\Users\Krzysio\source\repos\de373c4d-gr11-repo\Projekt\Warcaby PK4\Warcaby PK4\main.cpp(14,14): error C2065: "promise": niezadeklarowany identyfikator
C:\Users\Krzysio\source\repos\de373c4d-gr11-repo\Projekt\Warcaby PK4\Warcaby PK4\main.cpp(14,15): error C2062: nieoczekiwany typ "int"
C:\Users\Krzysio\source\repos\de373c4d-gr11-repo\Projekt\Warcaby PK4\Warcaby PK4\main.cpp(15,7): error C2039: „future”: nie jest składową elementu „std”
C:\Users\Krzysio\source\repos\de373c4d-gr11-repo\Projekt\Warcaby PK4\Warcaby PK4\predefined C++ types (compiler internal)(340): message : zobacz deklarację „std”
C:\Users\Krzysio\source\repos\de373c4d-gr11-repo\Projekt\Warcaby PK4\Warcaby PK4\main.cpp(15,13): error C2065: "future": niezadeklarowany identyfikator
C:\Users\Krzysio\source\repos\de373c4d-gr11-repo\Projekt\Warcaby PK4\Warcaby PK4\main.cpp(15,14): error C2062: nieoczekiwany typ "int"
C:\Users\Krzysio\source\repos\de373c4d-gr11-repo\Projekt\Warcaby PK4\Warcaby PK4\main.cpp(17,7): error C2039: „string”: nie jest składową elementu „std”
C:\Users\Krzysio\source\repos\de373c4d-gr11-repo\Projekt\Warcaby PK4\Warcaby PK4\predefined C++ types (compiler internal)(340): message : zobacz deklarację „std”
C:\Users\Krzysio\source\repos\de373c4d-gr11-repo\Projekt\Warcaby PK4\Warcaby PK4\main.cpp(17,14): error C2065: "string": niezadeklarowany identyfikator
C:\Users\Krzysio\source\repos\de373c4d-gr11-repo\Projekt\Warcaby PK4\Warcaby PK4\main.cpp(17,14): error C2146: błąd składniowy: brakuje „;” przed identyfikatorem „email”
C:\Users\Krzysio\source\repos\de373c4d-gr11-repo\Projekt\Warcaby PK4\Warcaby PK4\main.cpp(17,14): error C2065: "email": niezadeklarowany identyfikator
C:\Users\Krzysio\source\repos\de373c4d-gr11-repo\Projekt\Warcaby PK4\Warcaby PK4\main.cpp(19,7): error C2039: „thread”: nie jest składową elementu „std”
C:\Users\Krzysio\source\repos\de373c4d-gr11-repo\Projekt\Warcaby PK4\Warcaby PK4\predefined C++ types (compiler internal)(340): message : zobacz deklarację „std”
C:\Users\Krzysio\source\repos\de373c4d-gr11-repo\Projekt\Warcaby PK4\Warcaby PK4\main.cpp(19,14): error C2065: "thread": niezadeklarowany identyfikator
C:\Users\Krzysio\source\repos\de373c4d-gr11-repo\Projekt\Warcaby PK4\Warcaby PK4\main.cpp(19,14): error C2146: błąd składniowy: brakuje „;” przed identyfikatorem „czas”
C:\Users\Krzysio\source\repos\de373c4d-gr11-repo\Projekt\Warcaby PK4\Warcaby PK4\main.cpp(19,19): error C2065: "timer": niezadeklarowany identyfikator
C:\Users\Krzysio\source\repos\de373c4d-gr11-repo\Projekt\Warcaby PK4\Warcaby PK4\main.cpp(19,31): error C2039: „ref”: nie jest składową elementu „std”
C:\Users\Krzysio\source\repos\de373c4d-gr11-repo\Projekt\Warcaby PK4\Warcaby PK4\predefined C++ types (compiler internal)(340): message : zobacz deklarację „std”
C:\Users\Krzysio\source\repos\de373c4d-gr11-repo\Projekt\Warcaby PK4\Warcaby PK4\main.cpp(19,35): error C2065: "warcabnica": niezadeklarowany identyfikator
C:\Users\Krzysio\source\repos\de373c4d-gr11-repo\Projekt\Warcaby PK4\Warcaby PK4\main.cpp(19,34): error C3861: "ref": identyfikatora nie odnaleziono
C:\Users\Krzysio\source\repos\de373c4d-gr11-repo\Projekt\Warcaby PK4\Warcaby PK4\main.cpp(19,53): error C2039: „ref”: nie jest składową elementu „std”
C:\Users\Krzysio\source\repos\de373c4d-gr11-repo\Projekt\Warcaby PK4\Warcaby PK4\predefined C++ types (compiler internal)(340): message : zobacz deklarację „std”
C:\Users\Krzysio\source\repos\de373c4d-gr11-repo\Projekt\Warcaby PK4\Warcaby PK4\main.cpp(19,57): error C2065: "p": niezadeklarowany identyfikator
C:\Users\Krzysio\source\repos\de373c4d-gr11-repo\Projekt\Warcaby PK4\Warcaby PK4\main.cpp(19,56): error C3861: "ref": identyfikatora nie odnaleziono
C:\Users\Krzysio\source\repos\de373c4d-gr11-repo\Projekt\Warcaby PK4\Warcaby PK4\main.cpp(19,14): error C3861: "czas": identyfikatora nie odnaleziono
C:\Users\Krzysio\source\repos\de373c4d-gr11-repo\Projekt\Warcaby PK4\Warcaby PK4\main.cpp(20,2): error C2065: "czas": niezadeklarowany identyfikator
C:\Users\Krzysio\source\repos\de373c4d-gr11-repo\Projekt\Warcaby PK4\Warcaby PK4\main.cpp(22,9): error C2653: "poleBierka": nie jest nazwą klasa lub nazwą przestrzeni nazw
C:\Users\Krzysio\source\repos\de373c4d-gr11-repo\Projekt\Warcaby PK4\Warcaby PK4\main.cpp(22,21): error C2065: "liczbaX": niezadeklarowany identyfikator
C:\Users\Krzysio\source\repos\de373c4d-gr11-repo\Projekt\Warcaby PK4\Warcaby PK4\main.cpp(22,36): error C2653: "poleBierka": nie jest nazwą klasa lub nazwą przestrzeni nazw
C:\Users\Krzysio\source\repos\de373c4d-gr11-repo\Projekt\Warcaby PK4\Warcaby PK4\main.cpp(22,48): error C2065: "liczbaO": niezadeklarowany identyfikator
C:\Users\Krzysio\source\repos\de373c4d-gr11-repo\Projekt\Warcaby PK4\Warcaby PK4\main.cpp(23,3): error C3861: "system": identyfikatora nie odnaleziono
C:\Users\Krzysio\source\repos\de373c4d-gr11-repo\Projekt\Warcaby PK4\Warcaby PK4\main.cpp(24,3): error C2065: "warcabnica": niezadeklarowany identyfikator
C:\Users\Krzysio\source\repos\de373c4d-gr11-repo\Projekt\Warcaby PK4\Warcaby PK4\main.cpp(25,3): error C2065: "ruszanie": niezadeklarowany identyfikator
C:\Users\Krzysio\source\repos\de373c4d-gr11-repo\Projekt\Warcaby PK4\Warcaby PK4\main.cpp(28,6): error C2653: "poleBierka": nie jest nazwą klasa lub nazwą przestrzeni nazw
C:\Users\Krzysio\source\repos\de373c4d-gr11-repo\Projekt\Warcaby PK4\Warcaby PK4\main.cpp(28,18): error C2065: "liczbaX": niezadeklarowany identyfikator
C:\Users\Krzysio\source\repos\de373c4d-gr11-repo\Projekt\Warcaby PK4\Warcaby PK4\main.cpp(29,8): error C2039: „cout”: nie jest składową elementu „std”
C:\Users\Krzysio\source\repos\de373c4d-gr11-repo\Projekt\Warcaby PK4\Warcaby PK4\predefined C++ types (compiler internal)(340): message : zobacz deklarację „std”
C:\Users\Krzysio\source\repos\de373c4d-gr11-repo\Projekt\Warcaby PK4\Warcaby PK4\main.cpp(29,13): error C2065: "cout": niezadeklarowany identyfikator
C:\Users\Krzysio\source\repos\de373c4d-gr11-repo\Projekt\Warcaby PK4\Warcaby PK4\main.cpp(29,43): error C2065: "f": niezadeklarowany identyfikator
C:\Users\Krzysio\source\repos\de373c4d-gr11-repo\Projekt\Warcaby PK4\Warcaby PK4\main.cpp(29,59): error C2039: „endl”: nie jest składową elementu „std”
C:\Users\Krzysio\source\repos\de373c4d-gr11-repo\Projekt\Warcaby PK4\Warcaby PK4\predefined C++ types (compiler internal)(340): message : zobacz deklarację „std”
C:\Users\Krzysio\source\repos\de373c4d-gr11-repo\Projekt\Warcaby PK4\Warcaby PK4\main.cpp(29,63): error C2065: "endl": niezadeklarowany identyfikator
C:\Users\Krzysio\source\repos\de373c4d-gr11-repo\Projekt\Warcaby PK4\Warcaby PK4\main.cpp(33,9): error C2039: „cout”: nie jest składową elementu „std”
C:\Users\Krzysio\source\repos\de373c4d-gr11-repo\Projekt\Warcaby PK4\Warcaby PK4\predefined C++ types (compiler internal)(340): message : zobacz deklarację „std”
C:\Users\Krzysio\source\repos\de373c4d-gr11-repo\Projekt\Warcaby PK4\Warcaby PK4\main.cpp(33,14): error C2065: "cout": niezadeklarowany identyfikator
C:\Users\Krzysio\source\repos\de373c4d-gr11-repo\Projekt\Warcaby PK4\Warcaby PK4\main.cpp(33,73): error C2039: „endl”: nie jest składową elementu „std”
C:\Users\Krzysio\source\repos\de373c4d-gr11-repo\Projekt\Warcaby PK4\Warcaby PK4\predefined C++ types (compiler internal)(340): message : zobacz deklarację „std”
C:\Users\Krzysio\source\repos\de373c4d-gr11-repo\Projekt\Warcaby PK4\Warcaby PK4\main.cpp(33,77): error C2065: "endl": niezadeklarowany identyfikator
C:\Users\Krzysio\source\repos\de373c4d-gr11-repo\Projekt\Warcaby PK4\Warcaby PK4\main.cpp(34,9): error C2039: „cin”: nie jest składową elementu „std”
C:\Users\Krzysio\source\repos\de373c4d-gr11-repo\Projekt\Warcaby PK4\Warcaby PK4\predefined C++ types (compiler internal)(340): message : zobacz deklarację „std”
C:\Users\Krzysio\source\repos\de373c4d-gr11-repo\Projekt\Warcaby PK4\Warcaby PK4\main.cpp(34,13): error C2065: "cin": niezadeklarowany identyfikator
C:\Users\Krzysio\source\repos\de373c4d-gr11-repo\Projekt\Warcaby PK4\Warcaby PK4\main.cpp(34,16): error C2065: "email": niezadeklarowany identyfikator
C:\Users\Krzysio\source\repos\de373c4d-gr11-repo\Projekt\Warcaby PK4\Warcaby PK4\main.cpp(36,16): error C2065: "email": niezadeklarowany identyfikator
C:\Users\Krzysio\source\repos\de373c4d-gr11-repo\Projekt\Warcaby PK4\Warcaby PK4\main.cpp(36,8): error C3861: "sprawdz": identyfikatora nie odnaleziono
C:\Users\Krzysio\source\repos\de373c4d-gr11-repo\Projekt\Warcaby PK4\Warcaby PK4\main.cpp(36,26): warning C4805: "==": niebezpieczne połączenie typu "unknown-type" oraz typu "bool" w operacji
C:\Users\Krzysio\source\repos\de373c4d-gr11-repo\Projekt\Warcaby PK4\Warcaby PK4\main.cpp(44,8): error C2039: „cout”: nie jest składową elementu „std”
C:\Users\Krzysio\source\repos\de373c4d-gr11-repo\Projekt\Warcaby PK4\Warcaby PK4\predefined C++ types (compiler internal)(340): message : zobacz deklarację „std”
C:\Users\Krzysio\source\repos\de373c4d-gr11-repo\Projekt\Warcaby PK4\Warcaby PK4\main.cpp(44,13): error C2065: "cout": niezadeklarowany identyfikator
C:\Users\Krzysio\source\repos\de373c4d-gr11-repo\Projekt\Warcaby PK4\Warcaby PK4\main.cpp(44,43): error C2065: "f": niezadeklarowany identyfikator
C:\Users\Krzysio\source\repos\de373c4d-gr11-repo\Projekt\Warcaby PK4\Warcaby PK4\main.cpp(44,59): error C2039: „endl”: nie jest składową elementu „std”
C:\Users\Krzysio\source\repos\de373c4d-gr11-repo\Projekt\Warcaby PK4\Warcaby PK4\predefined C++ types (compiler internal)(340): message : zobacz deklarację „std”
C:\Users\Krzysio\source\repos\de373c4d-gr11-repo\Projekt\Warcaby PK4\Warcaby PK4\main.cpp(44,63): error C2065: "endl": niezadeklarowany identyfikator
C:\Users\Krzysio\source\repos\de373c4d-gr11-repo\Projekt\Warcaby PK4\Warcaby PK4\main.cpp(48,9): error C2039: „cout”: nie jest składową elementu „std”
C:\Users\Krzysio\source\repos\de373c4d-gr11-repo\Projekt\Warcaby PK4\Warcaby PK4\predefined C++ types (compiler internal)(340): message : zobacz deklarację „std”
C:\Users\Krzysio\source\repos\de373c4d-gr11-repo\Projekt\Warcaby PK4\Warcaby PK4\main.cpp(48,14): error C2065: "cout": niezadeklarowany identyfikator
C:\Users\Krzysio\source\repos\de373c4d-gr11-repo\Projekt\Warcaby PK4\Warcaby PK4\main.cpp(48,73): error C2039: „endl”: nie jest składową elementu „std”
C:\Users\Krzysio\source\repos\de373c4d-gr11-repo\Projekt\Warcaby PK4\Warcaby PK4\predefined C++ types (compiler internal)(340): message : zobacz deklarację „std”
C:\Users\Krzysio\source\repos\de373c4d-gr11-repo\Projekt\Warcaby PK4\Warcaby PK4\main.cpp(48,77): error C2065: "endl": niezadeklarowany identyfikator
C:\Users\Krzysio\source\repos\de373c4d-gr11-repo\Projekt\Warcaby PK4\Warcaby PK4\main.cpp(49,9): error C2039: „cin”: nie jest składową elementu „std”
C:\Users\Krzysio\source\repos\de373c4d-gr11-repo\Projekt\Warcaby PK4\Warcaby PK4\predefined C++ types (compiler internal)(340): message : zobacz deklarację „std”
C:\Users\Krzysio\source\repos\de373c4d-gr11-repo\Projekt\Warcaby PK4\Warcaby PK4\main.cpp(49,13): error C2065: "cin": niezadeklarowany identyfikator
C:\Users\Krzysio\source\repos\de373c4d-gr11-repo\Projekt\Warcaby PK4\Warcaby PK4\main.cpp(49,16): error C2065: "email": niezadeklarowany identyfikator
C:\Users\Krzysio\source\repos\de373c4d-gr11-repo\Projekt\Warcaby PK4\Warcaby PK4\main.cpp(51,16): error C2065: "email": niezadeklarowany identyfikator
C:\Users\Krzysio\source\repos\de373c4d-gr11-repo\Projekt\Warcaby PK4\Warcaby PK4\main.cpp(51,8): error C3861: "sprawdz": identyfikatora nie odnaleziono
C:\Users\Krzysio\source\repos\de373c4d-gr11-repo\Projekt\Warcaby PK4\Warcaby PK4\main.cpp(51,26): warning C4805: "==": niebezpieczne połączenie typu "unknown-type" oraz typu "bool" w operacji
C:\Users\Krzysio\source\repos\de373c4d-gr11-repo\Projekt\Warcaby PK4\Warcaby PK4\main.cpp(58,2): error C2065: "warcabnica": niezadeklarowany identyfikator
C:\Users\Krzysio\source\repos\de373c4d-gr11-repo\Projekt\Warcaby PK4\Warcaby PK4\main.cpp(58,28): error C2065: "email": niezadeklarowany identyfikator
  pola-bierka.ixx
C:\Users\Krzysio\source\repos\de373c4d-gr11-repo\Projekt\Warcaby PK4\Warcaby PK4\pola-bierka.ixx(1,7): error C4430: brak specyfikatora typu - założono, że int. Uwaga: C++ nie obsługuje domyślnie typu int
C:\Users\Krzysio\source\repos\de373c4d-gr11-repo\Projekt\Warcaby PK4\Warcaby PK4\pola-bierka.ixx(2,1): error C3378: deklarację można eksportować tylko z jednostki interfejsu modułu
C:\Users\Krzysio\source\repos\de373c4d-gr11-repo\Projekt\Warcaby PK4\Warcaby PK4\pola-bierka.ixx(2,19): error C4430: brak specyfikatora typu - założono, że int. Uwaga: C++ nie obsługuje domyślnie typu int
C:\Users\Krzysio\source\repos\de373c4d-gr11-repo\Projekt\Warcaby PK4\Warcaby PK4\pola-bierka.ixx(2,8): error C2086: "int module": zmiana definicji
C:\Users\Krzysio\source\repos\de373c4d-gr11-repo\Projekt\Warcaby PK4\Warcaby PK4\pola-bierka.ixx(1): message : zobacz deklarację „module”
C:\Users\Krzysio\source\repos\de373c4d-gr11-repo\Projekt\Warcaby PK4\Warcaby PK4\pola-bierka.ixx(2,15): error C2146: błąd składniowy: brakuje „;” przed identyfikatorem „pola”
C:\Users\Krzysio\source\repos\de373c4d-gr11-repo\Projekt\Warcaby PK4\Warcaby PK4\pola-bierka.ixx(2,26): error C4430: brak specyfikatora typu - założono, że int. Uwaga: C++ nie obsługuje domyślnie typu int
C:\Users\Krzysio\source\repos\de373c4d-gr11-repo\Projekt\Warcaby PK4\Warcaby PK4\pola-bierka.ixx(3,8): error C2143: błąd składniowy: brakuje „;” przed „<”
C:\Users\Krzysio\source\repos\de373c4d-gr11-repo\Projekt\Warcaby PK4\Warcaby PK4\pola-bierka.ixx(3,8): error C4430: brak specyfikatora typu - założono, że int. Uwaga: C++ nie obsługuje domyślnie typu int
C:\Users\Krzysio\source\repos\de373c4d-gr11-repo\Projekt\Warcaby PK4\Warcaby PK4\pola-bierka.ixx(4,8): error C4430: brak specyfikatora typu - założono, że int. Uwaga: C++ nie obsługuje domyślnie typu int
C:\Users\Krzysio\source\repos\de373c4d-gr11-repo\Projekt\Warcaby PK4\Warcaby PK4\pola-bierka.ixx(4,1): error C2086: "int import": zmiana definicji
C:\Users\Krzysio\source\repos\de373c4d-gr11-repo\Projekt\Warcaby PK4\Warcaby PK4\pola-bierka.ixx(3): message : zobacz deklarację „import”
C:\Users\Krzysio\source\repos\de373c4d-gr11-repo\Projekt\Warcaby PK4\Warcaby PK4\pola-bierka.ixx(4,8): error C2059: błąd składniowy: „:”
C:\Users\Krzysio\source\repos\de373c4d-gr11-repo\Projekt\Warcaby PK4\Warcaby PK4\pola-bierka.ixx(4,13): error C4430: brak specyfikatora typu - założono, że int. Uwaga: C++ nie obsługuje domyślnie typu int
C:\Users\Krzysio\source\repos\de373c4d-gr11-repo\Projekt\Warcaby PK4\Warcaby PK4\pola-bierka.ixx(6,1): error C3378: deklarację można eksportować tylko z jednostki interfejsu modułu
C:\Users\Krzysio\source\repos\de373c4d-gr11-repo\Projekt\Warcaby PK4\Warcaby PK4\pola-bierka.ixx(6,38): error C2516: „pole”: nie jest dozwoloną klasa bazową
C:\Users\Krzysio\source\repos\de373c4d-gr11-repo\Projekt\Warcaby PK4\Warcaby PK4\pola-bierka.ixx(4): message : zobacz deklarację „pole”
C:\Users\Krzysio\source\repos\de373c4d-gr11-repo\Projekt\Warcaby PK4\Warcaby PK4\pola-bierka.ixx(11,21): error C2065: "liczbaX": niezadeklarowany identyfikator
C:\Users\Krzysio\source\repos\de373c4d-gr11-repo\Projekt\Warcaby PK4\Warcaby PK4\pola-bierka.ixx(12,21): error C2065: "liczbaO": niezadeklarowany identyfikator
C:\Users\Krzysio\source\repos\de373c4d-gr11-repo\Projekt\Warcaby PK4\Warcaby PK4\pola-bierka.ixx(16,8): error C2039: „cout”: nie jest składową elementu „std”
C:\Users\Krzysio\source\repos\de373c4d-gr11-repo\Projekt\Warcaby PK4\Warcaby PK4\predefined C++ types (compiler internal)(340): message : zobacz deklarację „std”
C:\Users\Krzysio\source\repos\de373c4d-gr11-repo\Projekt\Warcaby PK4\Warcaby PK4\pola-bierka.ixx(16,1): error C2065: "cout": niezadeklarowany identyfikator
C:\Users\Krzysio\source\repos\de373c4d-gr11-repo\Projekt\Warcaby PK4\Warcaby PK4\pola-bierka.ixx(31,21): error C2065: "liczbaX": niezadeklarowany identyfikator
C:\Users\Krzysio\source\repos\de373c4d-gr11-repo\Projekt\Warcaby PK4\Warcaby PK4\pola-bierka.ixx(32,21): error C2065: "liczbaO": niezadeklarowany identyfikator
  pola-niemozliwe.ixx
C:\Users\Krzysio\source\repos\de373c4d-gr11-repo\Projekt\Warcaby PK4\Warcaby PK4\pola-niemozliwe.ixx(1,7): error C4430: brak specyfikatora typu - założono, że int. Uwaga: C++ nie obsługuje domyślnie typu int
C:\Users\Krzysio\source\repos\de373c4d-gr11-repo\Projekt\Warcaby PK4\Warcaby PK4\pola-niemozliwe.ixx(2,1): error C3378: deklarację można eksportować tylko z jednostki interfejsu modułu
C:\Users\Krzysio\source\repos\de373c4d-gr11-repo\Projekt\Warcaby PK4\Warcaby PK4\pola-niemozliwe.ixx(2,19): error C4430: brak specyfikatora typu - założono, że int. Uwaga: C++ nie obsługuje domyślnie typu int
C:\Users\Krzysio\source\repos\de373c4d-gr11-repo\Projekt\Warcaby PK4\Warcaby PK4\pola-niemozliwe.ixx(2,8): error C2086: "int module": zmiana definicji
C:\Users\Krzysio\source\repos\de373c4d-gr11-repo\Projekt\Warcaby PK4\Warcaby PK4\pola-niemozliwe.ixx(1): message : zobacz deklarację „module”
C:\Users\Krzysio\source\repos\de373c4d-gr11-repo\Projekt\Warcaby PK4\Warcaby PK4\pola-niemozliwe.ixx(2,15): error C2146: błąd składniowy: brakuje „;” przed identyfikatorem „pola”
C:\Users\Krzysio\source\repos\de373c4d-gr11-repo\Projekt\Warcaby PK4\Warcaby PK4\pola-niemozliwe.ixx(2,30): error C4430: brak specyfikatora typu - założono, że int. Uwaga: C++ nie obsługuje domyślnie typu int
C:\Users\Krzysio\source\repos\de373c4d-gr11-repo\Projekt\Warcaby PK4\Warcaby PK4\pola-niemozliwe.ixx(3,8): error C2143: błąd składniowy: brakuje „;” przed „<”
C:\Users\Krzysio\source\repos\de373c4d-gr11-repo\Projekt\Warcaby PK4\Warcaby PK4\pola-niemozliwe.ixx(3,8): error C4430: brak specyfikatora typu - założono, że int. Uwaga: C++ nie obsługuje domyślnie typu int
C:\Users\Krzysio\source\repos\de373c4d-gr11-repo\Projekt\Warcaby PK4\Warcaby PK4\pola-niemozliwe.ixx(4,8): error C4430: brak specyfikatora typu - założono, że int. Uwaga: C++ nie obsługuje domyślnie typu int
C:\Users\Krzysio\source\repos\de373c4d-gr11-repo\Projekt\Warcaby PK4\Warcaby PK4\pola-niemozliwe.ixx(4,1): error C2086: "int import": zmiana definicji
C:\Users\Krzysio\source\repos\de373c4d-gr11-repo\Projekt\Warcaby PK4\Warcaby PK4\pola-niemozliwe.ixx(3): message : zobacz deklarację „import”
C:\Users\Krzysio\source\repos\de373c4d-gr11-repo\Projekt\Warcaby PK4\Warcaby PK4\pola-niemozliwe.ixx(4,8): error C2059: błąd składniowy: „:”
C:\Users\Krzysio\source\repos\de373c4d-gr11-repo\Projekt\Warcaby PK4\Warcaby PK4\pola-niemozliwe.ixx(4,13): error C4430: brak specyfikatora typu - założono, że int. Uwaga: C++ nie obsługuje domyślnie typu int
C:\Users\Krzysio\source\repos\de373c4d-gr11-repo\Projekt\Warcaby PK4\Warcaby PK4\pola-niemozliwe.ixx(6,1): error C3378: deklarację można eksportować tylko z jednostki interfejsu modułu
C:\Users\Krzysio\source\repos\de373c4d-gr11-repo\Projekt\Warcaby PK4\Warcaby PK4\pola-niemozliwe.ixx(6,42): error C2516: „pole”: nie jest dozwoloną klasa bazową
C:\Users\Krzysio\source\repos\de373c4d-gr11-repo\Projekt\Warcaby PK4\Warcaby PK4\pola-niemozliwe.ixx(4): message : zobacz deklarację „pole”
C:\Users\Krzysio\source\repos\de373c4d-gr11-repo\Projekt\Warcaby PK4\Warcaby PK4\pola-niemozliwe.ixx(10,8): error C2039: „cout”: nie jest składową elementu „std”
C:\Users\Krzysio\source\repos\de373c4d-gr11-repo\Projekt\Warcaby PK4\Warcaby PK4\predefined C++ types (compiler internal)(340): message : zobacz deklarację „std”
C:\Users\Krzysio\source\repos\de373c4d-gr11-repo\Projekt\Warcaby PK4\Warcaby PK4\pola-niemozliwe.ixx(10,1): error C2065: "cout": niezadeklarowany identyfikator
  pola-pole.ixx
C:\Users\Krzysio\source\repos\de373c4d-gr11-repo\Projekt\Warcaby PK4\Warcaby PK4\pola-pole.ixx(1,7): error C4430: brak specyfikatora typu - założono, że int. Uwaga: C++ nie obsługuje domyślnie typu int
C:\Users\Krzysio\source\repos\de373c4d-gr11-repo\Projekt\Warcaby PK4\Warcaby PK4\pola-pole.ixx(2,1): error C3378: deklarację można eksportować tylko z jednostki interfejsu modułu
C:\Users\Krzysio\source\repos\de373c4d-gr11-repo\Projekt\Warcaby PK4\Warcaby PK4\pola-pole.ixx(2,19): error C4430: brak specyfikatora typu - założono, że int. Uwaga: C++ nie obsługuje domyślnie typu int
C:\Users\Krzysio\source\repos\de373c4d-gr11-repo\Projekt\Warcaby PK4\Warcaby PK4\pola-pole.ixx(2,8): error C2086: "int module": zmiana definicji
C:\Users\Krzysio\source\repos\de373c4d-gr11-repo\Projekt\Warcaby PK4\Warcaby PK4\pola-pole.ixx(1): message : zobacz deklarację „module”
C:\Users\Krzysio\source\repos\de373c4d-gr11-repo\Projekt\Warcaby PK4\Warcaby PK4\pola-pole.ixx(2,15): error C2146: błąd składniowy: brakuje „;” przed identyfikatorem „pola”
C:\Users\Krzysio\source\repos\de373c4d-gr11-repo\Projekt\Warcaby PK4\Warcaby PK4\pola-pole.ixx(2,24): error C4430: brak specyfikatora typu - założono, że int. Uwaga: C++ nie obsługuje domyślnie typu int
C:\Users\Krzysio\source\repos\de373c4d-gr11-repo\Projekt\Warcaby PK4\Warcaby PK4\pola-pole.ixx(4,1): error C3378: deklarację można eksportować tylko z jednostki interfejsu modułu
  pola-puste.ixx
C:\Users\Krzysio\source\repos\de373c4d-gr11-repo\Projekt\Warcaby PK4\Warcaby PK4\pola-puste.ixx(1,7): error C4430: brak specyfikatora typu - założono, że int. Uwaga: C++ nie obsługuje domyślnie typu int
C:\Users\Krzysio\source\repos\de373c4d-gr11-repo\Projekt\Warcaby PK4\Warcaby PK4\pola-puste.ixx(2,1): error C3378: deklarację można eksportować tylko z jednostki interfejsu modułu
C:\Users\Krzysio\source\repos\de373c4d-gr11-repo\Projekt\Warcaby PK4\Warcaby PK4\pola-puste.ixx(2,19): error C4430: brak specyfikatora typu - założono, że int. Uwaga: C++ nie obsługuje domyślnie typu int
C:\Users\Krzysio\source\repos\de373c4d-gr11-repo\Projekt\Warcaby PK4\Warcaby PK4\pola-puste.ixx(2,8): error C2086: "int module": zmiana definicji
C:\Users\Krzysio\source\repos\de373c4d-gr11-repo\Projekt\Warcaby PK4\Warcaby PK4\pola-puste.ixx(1): message : zobacz deklarację „module”
C:\Users\Krzysio\source\repos\de373c4d-gr11-repo\Projekt\Warcaby PK4\Warcaby PK4\pola-puste.ixx(2,15): error C2146: błąd składniowy: brakuje „;” przed identyfikatorem „pola”
C:\Users\Krzysio\source\repos\de373c4d-gr11-repo\Projekt\Warcaby PK4\Warcaby PK4\pola-puste.ixx(2,25): error C4430: brak specyfikatora typu - założono, że int. Uwaga: C++ nie obsługuje domyślnie typu int
C:\Users\Krzysio\source\repos\de373c4d-gr11-repo\Projekt\Warcaby PK4\Warcaby PK4\pola-puste.ixx(3,8): error C2143: błąd składniowy: brakuje „;” przed „<”
C:\Users\Krzysio\source\repos\de373c4d-gr11-repo\Projekt\Warcaby PK4\Warcaby PK4\pola-puste.ixx(3,8): error C4430: brak specyfikatora typu - założono, że int. Uwaga: C++ nie obsługuje domyślnie typu int
C:\Users\Krzysio\source\repos\de373c4d-gr11-repo\Projekt\Warcaby PK4\Warcaby PK4\pola-puste.ixx(4,8): error C4430: brak specyfikatora typu - założono, że int. Uwaga: C++ nie obsługuje domyślnie typu int
C:\Users\Krzysio\source\repos\de373c4d-gr11-repo\Projekt\Warcaby PK4\Warcaby PK4\pola-puste.ixx(4,1): error C2086: "int import": zmiana definicji
C:\Users\Krzysio\source\repos\de373c4d-gr11-repo\Projekt\Warcaby PK4\Warcaby PK4\pola-puste.ixx(3): message : zobacz deklarację „import”
C:\Users\Krzysio\source\repos\de373c4d-gr11-repo\Projekt\Warcaby PK4\Warcaby PK4\pola-puste.ixx(4,8): error C2059: błąd składniowy: „:”
C:\Users\Krzysio\source\repos\de373c4d-gr11-repo\Projekt\Warcaby PK4\Warcaby PK4\pola-puste.ixx(4,13): error C4430: brak specyfikatora typu - założono, że int. Uwaga: C++ nie obsługuje domyślnie typu int
C:\Users\Krzysio\source\repos\de373c4d-gr11-repo\Projekt\Warcaby PK4\Warcaby PK4\pola-puste.ixx(6,1): error C3378: deklarację można eksportować tylko z jednostki interfejsu modułu
C:\Users\Krzysio\source\repos\de373c4d-gr11-repo\Projekt\Warcaby PK4\Warcaby PK4\pola-puste.ixx(6,37): error C2516: „pole”: nie jest dozwoloną klasa bazową
C:\Users\Krzysio\source\repos\de373c4d-gr11-repo\Projekt\Warcaby PK4\Warcaby PK4\pola-puste.ixx(4): message : zobacz deklarację „pole”
C:\Users\Krzysio\source\repos\de373c4d-gr11-repo\Projekt\Warcaby PK4\Warcaby PK4\pola-puste.ixx(11,8): error C2039: „cout”: nie jest składową elementu „std”
C:\Users\Krzysio\source\repos\de373c4d-gr11-repo\Projekt\Warcaby PK4\Warcaby PK4\predefined C++ types (compiler internal)(340): message : zobacz deklarację „std”
C:\Users\Krzysio\source\repos\de373c4d-gr11-repo\Projekt\Warcaby PK4\Warcaby PK4\pola-puste.ixx(11,1): error C2065: "cout": niezadeklarowany identyfikator
  pola.ixx
C:\Users\Krzysio\source\repos\de373c4d-gr11-repo\Projekt\Warcaby PK4\Warcaby PK4\pola.ixx(1,1): error C3378: deklarację można eksportować tylko z jednostki interfejsu modułu
C:\Users\Krzysio\source\repos\de373c4d-gr11-repo\Projekt\Warcaby PK4\Warcaby PK4\pola.ixx(1,19): error C4430: brak specyfikatora typu - założono, że int. Uwaga: C++ nie obsługuje domyślnie typu int
C:\Users\Krzysio\source\repos\de373c4d-gr11-repo\Projekt\Warcaby PK4\Warcaby PK4\pola.ixx(1,15): error C2146: błąd składniowy: brakuje „;” przed identyfikatorem „pola”
C:\Users\Krzysio\source\repos\de373c4d-gr11-repo\Projekt\Warcaby PK4\Warcaby PK4\pola.ixx(2,1): error C3378: deklarację można eksportować tylko z jednostki interfejsu modułu
C:\Users\Krzysio\source\repos\de373c4d-gr11-repo\Projekt\Warcaby PK4\Warcaby PK4\pola.ixx(2,15): error C2143: błąd składniowy: brakuje „;” przed „<”
C:\Users\Krzysio\source\repos\de373c4d-gr11-repo\Projekt\Warcaby PK4\Warcaby PK4\pola.ixx(2,15): error C4430: brak specyfikatora typu - założono, że int. Uwaga: C++ nie obsługuje domyślnie typu int
C:\Users\Krzysio\source\repos\de373c4d-gr11-repo\Projekt\Warcaby PK4\Warcaby PK4\pola.ixx(3,1): error C3378: deklarację można eksportować tylko z jednostki interfejsu modułu
C:\Users\Krzysio\source\repos\de373c4d-gr11-repo\Projekt\Warcaby PK4\Warcaby PK4\pola.ixx(3,15): error C2143: błąd składniowy: brakuje „;” przed „<”
C:\Users\Krzysio\source\repos\de373c4d-gr11-repo\Projekt\Warcaby PK4\Warcaby PK4\pola.ixx(3,15): error C4430: brak specyfikatora typu - założono, że int. Uwaga: C++ nie obsługuje domyślnie typu int
C:\Users\Krzysio\source\repos\de373c4d-gr11-repo\Projekt\Warcaby PK4\Warcaby PK4\pola.ixx(3,8): error C2086: "int import": zmiana definicji
C:\Users\Krzysio\source\repos\de373c4d-gr11-repo\Projekt\Warcaby PK4\Warcaby PK4\pola.ixx(2): message : zobacz deklarację „import”
C:\Users\Krzysio\source\repos\de373c4d-gr11-repo\Projekt\Warcaby PK4\Warcaby PK4\pola.ixx(4,1): error C3378: deklarację można eksportować tylko z jednostki interfejsu modułu
C:\Users\Krzysio\source\repos\de373c4d-gr11-repo\Projekt\Warcaby PK4\Warcaby PK4\pola.ixx(4,15): error C2143: błąd składniowy: brakuje „;” przed „<”
C:\Users\Krzysio\source\repos\de373c4d-gr11-repo\Projekt\Warcaby PK4\Warcaby PK4\pola.ixx(4,15): error C4430: brak specyfikatora typu - założono, że int. Uwaga: C++ nie obsługuje domyślnie typu int
C:\Users\Krzysio\source\repos\de373c4d-gr11-repo\Projekt\Warcaby PK4\Warcaby PK4\pola.ixx(4,8): error C2086: "int import": zmiana definicji
C:\Users\Krzysio\source\repos\de373c4d-gr11-repo\Projekt\Warcaby PK4\Warcaby PK4\pola.ixx(2): message : zobacz deklarację „import”
C:\Users\Krzysio\source\repos\de373c4d-gr11-repo\Projekt\Warcaby PK4\Warcaby PK4\pola.ixx(6,1): error C3378: deklarację można eksportować tylko z jednostki interfejsu modułu
C:\Users\Krzysio\source\repos\de373c4d-gr11-repo\Projekt\Warcaby PK4\Warcaby PK4\pola.ixx(6,15): error C4430: brak specyfikatora typu - założono, że int. Uwaga: C++ nie obsługuje domyślnie typu int
C:\Users\Krzysio\source\repos\de373c4d-gr11-repo\Projekt\Warcaby PK4\Warcaby PK4\pola.ixx(6,8): error C2086: "int import": zmiana definicji
C:\Users\Krzysio\source\repos\de373c4d-gr11-repo\Projekt\Warcaby PK4\Warcaby PK4\pola.ixx(2): message : zobacz deklarację „import”
C:\Users\Krzysio\source\repos\de373c4d-gr11-repo\Projekt\Warcaby PK4\Warcaby PK4\pola.ixx(6,15): error C2059: błąd składniowy: „:”
C:\Users\Krzysio\source\repos\de373c4d-gr11-repo\Projekt\Warcaby PK4\Warcaby PK4\pola.ixx(6,20): error C4430: brak specyfikatora typu - założono, że int. Uwaga: C++ nie obsługuje domyślnie typu int
C:\Users\Krzysio\source\repos\de373c4d-gr11-repo\Projekt\Warcaby PK4\Warcaby PK4\pola.ixx(7,1): error C3378: deklarację można eksportować tylko z jednostki interfejsu modułu
C:\Users\Krzysio\source\repos\de373c4d-gr11-repo\Projekt\Warcaby PK4\Warcaby PK4\pola.ixx(7,15): error C4430: brak specyfikatora typu - założono, że int. Uwaga: C++ nie obsługuje domyślnie typu int
C:\Users\Krzysio\source\repos\de373c4d-gr11-repo\Projekt\Warcaby PK4\Warcaby PK4\pola.ixx(7,8): error C2086: "int import": zmiana definicji
C:\Users\Krzysio\source\repos\de373c4d-gr11-repo\Projekt\Warcaby PK4\Warcaby PK4\pola.ixx(2): message : zobacz deklarację „import”
C:\Users\Krzysio\source\repos\de373c4d-gr11-repo\Projekt\Warcaby PK4\Warcaby PK4\pola.ixx(7,15): error C2059: błąd składniowy: „:”
C:\Users\Krzysio\source\repos\de373c4d-gr11-repo\Projekt\Warcaby PK4\Warcaby PK4\pola.ixx(7,22): error C4430: brak specyfikatora typu - założono, że int. Uwaga: C++ nie obsługuje domyślnie typu int
C:\Users\Krzysio\source\repos\de373c4d-gr11-repo\Projekt\Warcaby PK4\Warcaby PK4\pola.ixx(8,1): error C3378: deklarację można eksportować tylko z jednostki interfejsu modułu
C:\Users\Krzysio\source\repos\de373c4d-gr11-repo\Projekt\Warcaby PK4\Warcaby PK4\pola.ixx(8,15): error C4430: brak specyfikatora typu - założono, że int. Uwaga: C++ nie obsługuje domyślnie typu int
C:\Users\Krzysio\source\repos\de373c4d-gr11-repo\Projekt\Warcaby PK4\Warcaby PK4\pola.ixx(8,8): error C2086: "int import": zmiana definicji
C:\Users\Krzysio\source\repos\de373c4d-gr11-repo\Projekt\Warcaby PK4\Warcaby PK4\pola.ixx(2): message : zobacz deklarację „import”
C:\Users\Krzysio\source\repos\de373c4d-gr11-repo\Projekt\Warcaby PK4\Warcaby PK4\pola.ixx(8,15): error C2059: błąd składniowy: „:”
C:\Users\Krzysio\source\repos\de373c4d-gr11-repo\Projekt\Warcaby PK4\Warcaby PK4\pola.ixx(8,21): error C4430: brak specyfikatora typu - założono, że int. Uwaga: C++ nie obsługuje domyślnie typu int
C:\Users\Krzysio\source\repos\de373c4d-gr11-repo\Projekt\Warcaby PK4\Warcaby PK4\pola.ixx(9,1): error C3378: deklarację można eksportować tylko z jednostki interfejsu modułu
C:\Users\Krzysio\source\repos\de373c4d-gr11-repo\Projekt\Warcaby PK4\Warcaby PK4\pola.ixx(9,15): error C4430: brak specyfikatora typu - założono, że int. Uwaga: C++ nie obsługuje domyślnie typu int
C:\Users\Krzysio\source\repos\de373c4d-gr11-repo\Projekt\Warcaby PK4\Warcaby PK4\pola.ixx(9,8): error C2086: "int import": zmiana definicji
C:\Users\Krzysio\source\repos\de373c4d-gr11-repo\Projekt\Warcaby PK4\Warcaby PK4\pola.ixx(2): message : zobacz deklarację „import”
C:\Users\Krzysio\source\repos\de373c4d-gr11-repo\Projekt\Warcaby PK4\Warcaby PK4\pola.ixx(9,15): error C2059: błąd składniowy: „:”
C:\Users\Krzysio\source\repos\de373c4d-gr11-repo\Projekt\Warcaby PK4\Warcaby PK4\pola.ixx(9,21): error C4430: brak specyfikatora typu - założono, że int. Uwaga: C++ nie obsługuje domyślnie typu int
C:\Users\Krzysio\source\repos\de373c4d-gr11-repo\Projekt\Warcaby PK4\Warcaby PK4\pola.ixx(10,1): error C3378: deklarację można eksportować tylko z jednostki interfejsu modułu
C:\Users\Krzysio\source\repos\de373c4d-gr11-repo\Projekt\Warcaby PK4\Warcaby PK4\pola.ixx(10,15): error C4430: brak specyfikatora typu - założono, że int. Uwaga: C++ nie obsługuje domyślnie typu int
C:\Users\Krzysio\source\repos\de373c4d-gr11-repo\Projekt\Warcaby PK4\Warcaby PK4\pola.ixx(10,8): error C2086: "int import": zmiana definicji
C:\Users\Krzysio\source\repos\de373c4d-gr11-repo\Projekt\Warcaby PK4\Warcaby PK4\pola.ixx(2): message : zobacz deklarację „import”
C:\Users\Krzysio\source\repos\de373c4d-gr11-repo\Projekt\Warcaby PK4\Warcaby PK4\pola.ixx(10,15): error C2059: błąd składniowy: „:”
C:\Users\Krzysio\source\repos\de373c4d-gr11-repo\Projekt\Warcaby PK4\Warcaby PK4\pola.ixx(10,26): error C4430: brak specyfikatora typu - założono, że int. Uwaga: C++ nie obsługuje domyślnie typu int
  pola-damka.ixx
C:\Users\Krzysio\source\repos\de373c4d-gr11-repo\Projekt\Warcaby PK4\Warcaby PK4\pola-damka.ixx(1,7): error C4430: brak specyfikatora typu - założono, że int. Uwaga: C++ nie obsługuje domyślnie typu int
C:\Users\Krzysio\source\repos\de373c4d-gr11-repo\Projekt\Warcaby PK4\Warcaby PK4\pola-damka.ixx(2,1): error C3378: deklarację można eksportować tylko z jednostki interfejsu modułu
C:\Users\Krzysio\source\repos\de373c4d-gr11-repo\Projekt\Warcaby PK4\Warcaby PK4\pola-damka.ixx(2,19): error C4430: brak specyfikatora typu - założono, że int. Uwaga: C++ nie obsługuje domyślnie typu int
C:\Users\Krzysio\source\repos\de373c4d-gr11-repo\Projekt\Warcaby PK4\Warcaby PK4\pola-damka.ixx(2,8): error C2086: "int module": zmiana definicji
C:\Users\Krzysio\source\repos\de373c4d-gr11-repo\Projekt\Warcaby PK4\Warcaby PK4\pola-damka.ixx(1): message : zobacz deklarację „module”
C:\Users\Krzysio\source\repos\de373c4d-gr11-repo\Projekt\Warcaby PK4\Warcaby PK4\pola-damka.ixx(2,15): error C2146: błąd składniowy: brakuje „;” przed identyfikatorem „pola”
C:\Users\Krzysio\source\repos\de373c4d-gr11-repo\Projekt\Warcaby PK4\Warcaby PK4\pola-damka.ixx(2,25): error C4430: brak specyfikatora typu - założono, że int. Uwaga: C++ nie obsługuje domyślnie typu int
C:\Users\Krzysio\source\repos\de373c4d-gr11-repo\Projekt\Warcaby PK4\Warcaby PK4\pola-damka.ixx(3,8): error C2143: błąd składniowy: brakuje „;” przed „<”
C:\Users\Krzysio\source\repos\de373c4d-gr11-repo\Projekt\Warcaby PK4\Warcaby PK4\pola-damka.ixx(3,8): error C4430: brak specyfikatora typu - założono, że int. Uwaga: C++ nie obsługuje domyślnie typu int
C:\Users\Krzysio\source\repos\de373c4d-gr11-repo\Projekt\Warcaby PK4\Warcaby PK4\pola-damka.ixx(4,8): error C2143: błąd składniowy: brakuje „;” przed „<”
C:\Users\Krzysio\source\repos\de373c4d-gr11-repo\Projekt\Warcaby PK4\Warcaby PK4\pola-damka.ixx(4,8): error C4430: brak specyfikatora typu - założono, że int. Uwaga: C++ nie obsługuje domyślnie typu int
C:\Users\Krzysio\source\repos\de373c4d-gr11-repo\Projekt\Warcaby PK4\Warcaby PK4\pola-damka.ixx(4,1): error C2086: "int import": zmiana definicji
C:\Users\Krzysio\source\repos\de373c4d-gr11-repo\Projekt\Warcaby PK4\Warcaby PK4\pola-damka.ixx(3): message : zobacz deklarację „import”
C:\Users\Krzysio\source\repos\de373c4d-gr11-repo\Projekt\Warcaby PK4\Warcaby PK4\pola-damka.ixx(5,8): error C4430: brak specyfikatora typu - założono, że int. Uwaga: C++ nie obsługuje domyślnie typu int
C:\Users\Krzysio\source\repos\de373c4d-gr11-repo\Projekt\Warcaby PK4\Warcaby PK4\pola-damka.ixx(5,1): error C2086: "int import": zmiana definicji
C:\Users\Krzysio\source\repos\de373c4d-gr11-repo\Projekt\Warcaby PK4\Warcaby PK4\pola-damka.ixx(3): message : zobacz deklarację „import”
C:\Users\Krzysio\source\repos\de373c4d-gr11-repo\Projekt\Warcaby PK4\Warcaby PK4\pola-damka.ixx(5,8): error C2059: błąd składniowy: „:”
C:\Users\Krzysio\source\repos\de373c4d-gr11-repo\Projekt\Warcaby PK4\Warcaby PK4\pola-damka.ixx(5,13): error C4430: brak specyfikatora typu - założono, że int. Uwaga: C++ nie obsługuje domyślnie typu int
C:\Users\Krzysio\source\repos\de373c4d-gr11-repo\Projekt\Warcaby PK4\Warcaby PK4\pola-damka.ixx(7,1): error C3378: deklarację można eksportować tylko z jednostki interfejsu modułu
C:\Users\Krzysio\source\repos\de373c4d-gr11-repo\Projekt\Warcaby PK4\Warcaby PK4\pola-damka.ixx(7,37): error C2516: „pole”: nie jest dozwoloną klasa bazową
C:\Users\Krzysio\source\repos\de373c4d-gr11-repo\Projekt\Warcaby PK4\Warcaby PK4\pola-damka.ixx(5): message : zobacz deklarację „pole”
C:\Users\Krzysio\source\repos\de373c4d-gr11-repo\Projekt\Warcaby PK4\Warcaby PK4\pola-damka.ixx(12,21): error C2065: "liczbaX": niezadeklarowany identyfikator
C:\Users\Krzysio\source\repos\de373c4d-gr11-repo\Projekt\Warcaby PK4\Warcaby PK4\pola-damka.ixx(13,21): error C2065: "liczbaO": niezadeklarowany identyfikator
C:\Users\Krzysio\source\repos\de373c4d-gr11-repo\Projekt\Warcaby PK4\Warcaby PK4\pola-damka.ixx(17,8): error C2039: „cout”: nie jest składową elementu „std”
C:\Users\Krzysio\source\repos\de373c4d-gr11-repo\Projekt\Warcaby PK4\Warcaby PK4\predefined C++ types (compiler internal)(340): message : zobacz deklarację „std”
C:\Users\Krzysio\source\repos\de373c4d-gr11-repo\Projekt\Warcaby PK4\Warcaby PK4\pola-damka.ixx(17,1): error C2065: "cout": niezadeklarowany identyfikator
C:\Users\Krzysio\source\repos\de373c4d-gr11-repo\Projekt\Warcaby PK4\Warcaby PK4\pola-damka.ixx(17,36): error C2039: „toupper”: nie jest składową elementu „std”
C:\Users\Krzysio\source\repos\de373c4d-gr11-repo\Projekt\Warcaby PK4\Warcaby PK4\predefined C++ types (compiler internal)(340): message : zobacz deklarację „std”
C:\Users\Krzysio\source\repos\de373c4d-gr11-repo\Projekt\Warcaby PK4\Warcaby PK4\pola-damka.ixx(17,1): error C3861: "toupper": identyfikatora nie odnaleziono
C:\Users\Krzysio\source\repos\de373c4d-gr11-repo\Projekt\Warcaby PK4\Warcaby PK4\pola-damka.ixx(32,21): error C2065: "liczbaX": niezadeklarowany identyfikator
C:\Users\Krzysio\source\repos\de373c4d-gr11-repo\Projekt\Warcaby PK4\Warcaby PK4\pola-damka.ixx(33,21): error C2065: "liczbaO": niezadeklarowany identyfikator
  regexMail.ixx
C:\Users\Krzysio\source\repos\de373c4d-gr11-repo\Projekt\Warcaby PK4\Warcaby PK4\regexMail.ixx(1,1): error C3378: deklarację można eksportować tylko z jednostki interfejsu modułu
C:\Users\Krzysio\source\repos\de373c4d-gr11-repo\Projekt\Warcaby PK4\Warcaby PK4\regexMail.ixx(1,24): error C4430: brak specyfikatora typu - założono, że int. Uwaga: C++ nie obsługuje domyślnie typu int
C:\Users\Krzysio\source\repos\de373c4d-gr11-repo\Projekt\Warcaby PK4\Warcaby PK4\regexMail.ixx(1,15): error C2146: błąd składniowy: brakuje „;” przed identyfikatorem „regexMail”
C:\Users\Krzysio\source\repos\de373c4d-gr11-repo\Projekt\Warcaby PK4\Warcaby PK4\regexMail.ixx(2,8): error C2143: błąd składniowy: brakuje „;” przed „<”
C:\Users\Krzysio\source\repos\de373c4d-gr11-repo\Projekt\Warcaby PK4\Warcaby PK4\regexMail.ixx(2,8): error C4430: brak specyfikatora typu - założono, że int. Uwaga: C++ nie obsługuje domyślnie typu int
C:\Users\Krzysio\source\repos\de373c4d-gr11-repo\Projekt\Warcaby PK4\Warcaby PK4\regexMail.ixx(3,8): error C2143: błąd składniowy: brakuje „;” przed „<”
C:\Users\Krzysio\source\repos\de373c4d-gr11-repo\Projekt\Warcaby PK4\Warcaby PK4\regexMail.ixx(3,8): error C4430: brak specyfikatora typu - założono, że int. Uwaga: C++ nie obsługuje domyślnie typu int
C:\Users\Krzysio\source\repos\de373c4d-gr11-repo\Projekt\Warcaby PK4\Warcaby PK4\regexMail.ixx(3,1): error C2086: "int import": zmiana definicji
C:\Users\Krzysio\source\repos\de373c4d-gr11-repo\Projekt\Warcaby PK4\Warcaby PK4\regexMail.ixx(2): message : zobacz deklarację „import”
C:\Users\Krzysio\source\repos\de373c4d-gr11-repo\Projekt\Warcaby PK4\Warcaby PK4\regexMail.ixx(5,1): error C3378: deklarację można eksportować tylko z jednostki interfejsu modułu
C:\Users\Krzysio\source\repos\de373c4d-gr11-repo\Projekt\Warcaby PK4\Warcaby PK4\regexMail.ixx(5,26): error C2039: „string”: nie jest składową elementu „std”
C:\Users\Krzysio\source\repos\de373c4d-gr11-repo\Projekt\Warcaby PK4\Warcaby PK4\predefined C++ types (compiler internal)(340): message : zobacz deklarację „std”
C:\Users\Krzysio\source\repos\de373c4d-gr11-repo\Projekt\Warcaby PK4\Warcaby PK4\regexMail.ixx(5,32): error C2065: "string": niezadeklarowany identyfikator
C:\Users\Krzysio\source\repos\de373c4d-gr11-repo\Projekt\Warcaby PK4\Warcaby PK4\regexMail.ixx(5,34): error C2065: "email": niezadeklarowany identyfikator
C:\Users\Krzysio\source\repos\de373c4d-gr11-repo\Projekt\Warcaby PK4\Warcaby PK4\regexMail.ixx(6,1): error C2143: błąd składniowy: brakuje „;” przed „{”
C:\Users\Krzysio\source\repos\de373c4d-gr11-repo\Projekt\Warcaby PK4\Warcaby PK4\regexMail.ixx(6,1): error C2447: "{": brak nagłówka funkcji (stary styl formalnej listy?)
  ruch.ixx
C:\Users\Krzysio\source\repos\de373c4d-gr11-repo\Projekt\Warcaby PK4\Warcaby PK4\ruch.ixx(1,1): error C3378: deklarację można eksportować tylko z jednostki interfejsu modułu
C:\Users\Krzysio\source\repos\de373c4d-gr11-repo\Projekt\Warcaby PK4\Warcaby PK4\ruch.ixx(1,19): error C4430: brak specyfikatora typu - założono, że int. Uwaga: C++ nie obsługuje domyślnie typu int
C:\Users\Krzysio\source\repos\de373c4d-gr11-repo\Projekt\Warcaby PK4\Warcaby PK4\ruch.ixx(1,15): error C2146: błąd składniowy: brakuje „;” przed identyfikatorem „ruch”
C:\Users\Krzysio\source\repos\de373c4d-gr11-repo\Projekt\Warcaby PK4\Warcaby PK4\ruch.ixx(2,8): error C2143: błąd składniowy: brakuje „;” przed „<”
C:\Users\Krzysio\source\repos\de373c4d-gr11-repo\Projekt\Warcaby PK4\Warcaby PK4\ruch.ixx(2,8): error C4430: brak specyfikatora typu - założono, że int. Uwaga: C++ nie obsługuje domyślnie typu int
C:\Users\Krzysio\source\repos\de373c4d-gr11-repo\Projekt\Warcaby PK4\Warcaby PK4\ruch.ixx(3,8): error C2143: błąd składniowy: brakuje „;” przed „<”
C:\Users\Krzysio\source\repos\de373c4d-gr11-repo\Projekt\Warcaby PK4\Warcaby PK4\ruch.ixx(3,8): error C4430: brak specyfikatora typu - założono, że int. Uwaga: C++ nie obsługuje domyślnie typu int
C:\Users\Krzysio\source\repos\de373c4d-gr11-repo\Projekt\Warcaby PK4\Warcaby PK4\ruch.ixx(3,1): error C2086: "int import": zmiana definicji
C:\Users\Krzysio\source\repos\de373c4d-gr11-repo\Projekt\Warcaby PK4\Warcaby PK4\ruch.ixx(2): message : zobacz deklarację „import”
C:\Users\Krzysio\source\repos\de373c4d-gr11-repo\Projekt\Warcaby PK4\Warcaby PK4\ruch.ixx(4,8): error C2143: błąd składniowy: brakuje „;” przed „<”
C:\Users\Krzysio\source\repos\de373c4d-gr11-repo\Projekt\Warcaby PK4\Warcaby PK4\ruch.ixx(4,8): error C4430: brak specyfikatora typu - założono, że int. Uwaga: C++ nie obsługuje domyślnie typu int
C:\Users\Krzysio\source\repos\de373c4d-gr11-repo\Projekt\Warcaby PK4\Warcaby PK4\ruch.ixx(4,1): error C2086: "int import": zmiana definicji
C:\Users\Krzysio\source\repos\de373c4d-gr11-repo\Projekt\Warcaby PK4\Warcaby PK4\ruch.ixx(2): message : zobacz deklarację „import”
C:\Users\Krzysio\source\repos\de373c4d-gr11-repo\Projekt\Warcaby PK4\Warcaby PK4\ruch.ixx(5,18): error C4430: brak specyfikatora typu - założono, że int. Uwaga: C++ nie obsługuje domyślnie typu int
C:\Users\Krzysio\source\repos\de373c4d-gr11-repo\Projekt\Warcaby PK4\Warcaby PK4\ruch.ixx(5,1): error C2086: "int import": zmiana definicji
C:\Users\Krzysio\source\repos\de373c4d-gr11-repo\Projekt\Warcaby PK4\Warcaby PK4\ruch.ixx(2): message : zobacz deklarację „import”
C:\Users\Krzysio\source\repos\de373c4d-gr11-repo\Projekt\Warcaby PK4\Warcaby PK4\ruch.ixx(5,8): error C2146: błąd składniowy: brakuje „;” przed identyfikatorem „Warcabnica”
C:\Users\Krzysio\source\repos\de373c4d-gr11-repo\Projekt\Warcaby PK4\Warcaby PK4\ruch.ixx(7,1): error C3378: deklarację można eksportować tylko z jednostki interfejsu modułu
C:\Users\Krzysio\source\repos\de373c4d-gr11-repo\Projekt\Warcaby PK4\Warcaby PK4\ruch.ixx(8,12): error C2143: błąd składniowy: brakuje „;” przed „*”
C:\Users\Krzysio\source\repos\de373c4d-gr11-repo\Projekt\Warcaby PK4\Warcaby PK4\ruch.ixx(8,12): error C4430: brak specyfikatora typu - założono, że int. Uwaga: C++ nie obsługuje domyślnie typu int
C:\Users\Krzysio\source\repos\de373c4d-gr11-repo\Projekt\Warcaby PK4\Warcaby PK4\ruch.ixx(8,24): error C2238: nieoczekiwany(e) token(y) poprzedzający(e) ";"
C:\Users\Krzysio\source\repos\de373c4d-gr11-repo\Projekt\Warcaby PK4\Warcaby PK4\ruch.ixx(10,7): error C2061: błąd składniowy: identyfikator „Warcabnica”
C:\Users\Krzysio\source\repos\de373c4d-gr11-repo\Projekt\Warcaby PK4\Warcaby PK4\ruch.ixx(11,3): error C2065: "warcabnica": niezadeklarowany identyfikator
C:\Users\Krzysio\source\repos\de373c4d-gr11-repo\Projekt\Warcaby PK4\Warcaby PK4\ruch.ixx(11,17): error C2065: "_warcabnica": niezadeklarowany identyfikator
C:\Users\Krzysio\source\repos\de373c4d-gr11-repo\Projekt\Warcaby PK4\Warcaby PK4\ruch.ixx(17,8): error C2039: „pair”: nie jest składową elementu „std”
C:\Users\Krzysio\source\repos\de373c4d-gr11-repo\Projekt\Warcaby PK4\Warcaby PK4\predefined C++ types (compiler internal)(340): message : zobacz deklarację „std”
C:\Users\Krzysio\source\repos\de373c4d-gr11-repo\Projekt\Warcaby PK4\Warcaby PK4\ruch.ixx(17,1): error C2065: "pair": niezadeklarowany identyfikator
C:\Users\Krzysio\source\repos\de373c4d-gr11-repo\Projekt\Warcaby PK4\Warcaby PK4\ruch.ixx(17,13): error C2062: nieoczekiwany typ "char"
C:\Users\Krzysio\source\repos\de373c4d-gr11-repo\Projekt\Warcaby PK4\Warcaby PK4\ruch.ixx(21,10): error C2039: „cout”: nie jest składową elementu „std”
C:\Users\Krzysio\source\repos\de373c4d-gr11-repo\Projekt\Warcaby PK4\Warcaby PK4\predefined C++ types (compiler internal)(340): message : zobacz deklarację „std”
C:\Users\Krzysio\source\repos\de373c4d-gr11-repo\Projekt\Warcaby PK4\Warcaby PK4\ruch.ixx(21,1): error C2065: "cout": niezadeklarowany identyfikator
C:\Users\Krzysio\source\repos\de373c4d-gr11-repo\Projekt\Warcaby PK4\Warcaby PK4\ruch.ixx(22,10): error C2039: „cin”: nie jest składową elementu „std”
C:\Users\Krzysio\source\repos\de373c4d-gr11-repo\Projekt\Warcaby PK4\Warcaby PK4\predefined C++ types (compiler internal)(340): message : zobacz deklarację „std”
C:\Users\Krzysio\source\repos\de373c4d-gr11-repo\Projekt\Warcaby PK4\Warcaby PK4\ruch.ixx(22,1): error C2065: "cin": niezadeklarowany identyfikator
C:\Users\Krzysio\source\repos\de373c4d-gr11-repo\Projekt\Warcaby PK4\Warcaby PK4\ruch.ixx(24,14): error C2039: „cin”: nie jest składową elementu „std”
C:\Users\Krzysio\source\repos\de373c4d-gr11-repo\Projekt\Warcaby PK4\Warcaby PK4\predefined C++ types (compiler internal)(340): message : zobacz deklarację „std”
C:\Users\Krzysio\source\repos\de373c4d-gr11-repo\Projekt\Warcaby PK4\Warcaby PK4\ruch.ixx(24,1): error C2065: "cin": niezadeklarowany identyfikator
C:\Users\Krzysio\source\repos\de373c4d-gr11-repo\Projekt\Warcaby PK4\Warcaby PK4\ruch.ixx(25,6): error C3861: "system": identyfikatora nie odnaleziono
C:\Users\Krzysio\source\repos\de373c4d-gr11-repo\Projekt\Warcaby PK4\Warcaby PK4\ruch.ixx(26,11): error C2039: „cin”: nie jest składową elementu „std”
C:\Users\Krzysio\source\repos\de373c4d-gr11-repo\Projekt\Warcaby PK4\Warcaby PK4\predefined C++ types (compiler internal)(340): message : zobacz deklarację „std”
C:\Users\Krzysio\source\repos\de373c4d-gr11-repo\Projekt\Warcaby PK4\Warcaby PK4\ruch.ixx(26,1): error C2065: "cin": niezadeklarowany identyfikator
C:\Users\Krzysio\source\repos\de373c4d-gr11-repo\Projekt\Warcaby PK4\Warcaby PK4\ruch.ixx(27,11): error C2039: „cin”: nie jest składową elementu „std”
C:\Users\Krzysio\source\repos\de373c4d-gr11-repo\Projekt\Warcaby PK4\Warcaby PK4\predefined C++ types (compiler internal)(340): message : zobacz deklarację „std”
C:\Users\Krzysio\source\repos\de373c4d-gr11-repo\Projekt\Warcaby PK4\Warcaby PK4\ruch.ixx(27,1): error C2065: "cin": niezadeklarowany identyfikator
C:\Users\Krzysio\source\repos\de373c4d-gr11-repo\Projekt\Warcaby PK4\Warcaby PK4\ruch.ixx(27,27): error C2039: „numeric_limits”: nie jest składową elementu „std”
C:\Users\Krzysio\source\repos\de373c4d-gr11-repo\Projekt\Warcaby PK4\Warcaby PK4\predefined C++ types (compiler internal)(340): message : zobacz deklarację „std”
C:\Users\Krzysio\source\repos\de373c4d-gr11-repo\Projekt\Warcaby PK4\Warcaby PK4\ruch.ixx(27,1): error C2065: "numeric_limits": niezadeklarowany identyfikator
C:\Users\Krzysio\source\repos\de373c4d-gr11-repo\Projekt\Warcaby PK4\Warcaby PK4\ruch.ixx(27,47): error C2039: „streamsize”: nie jest składową elementu „std”
C:\Users\Krzysio\source\repos\de373c4d-gr11-repo\Projekt\Warcaby PK4\Warcaby PK4\predefined C++ types (compiler internal)(340): message : zobacz deklarację „std”
C:\Users\Krzysio\source\repos\de373c4d-gr11-repo\Projekt\Warcaby PK4\Warcaby PK4\ruch.ixx(27,1): error C2065: "streamsize": niezadeklarowany identyfikator
C:\Users\Krzysio\source\repos\de373c4d-gr11-repo\Projekt\Warcaby PK4\Warcaby PK4\ruch.ixx(27,60): error C2039: „max”: nie jest składową elementu „`global namespace'”
C:\Users\Krzysio\source\repos\de373c4d-gr11-repo\Projekt\Warcaby PK4\Warcaby PK4\ruch.ixx(27,1): error C3861: "max": identyfikatora nie odnaleziono
C:\Users\Krzysio\source\repos\de373c4d-gr11-repo\Projekt\Warcaby PK4\Warcaby PK4\ruch.ixx(29,22): error C2039: „toupper”: nie jest składową elementu „std”
C:\Users\Krzysio\source\repos\de373c4d-gr11-repo\Projekt\Warcaby PK4\Warcaby PK4\predefined C++ types (compiler internal)(340): message : zobacz deklarację „std”
C:\Users\Krzysio\source\repos\de373c4d-gr11-repo\Projekt\Warcaby PK4\Warcaby PK4\ruch.ixx(29,1): error C3861: "toupper": identyfikatora nie odnaleziono
C:\Users\Krzysio\source\repos\de373c4d-gr11-repo\Projekt\Warcaby PK4\Warcaby PK4\ruch.ixx(31,9): error C2065: "warcabnica": niezadeklarowany identyfikator
C:\Users\Krzysio\source\repos\de373c4d-gr11-repo\Projekt\Warcaby PK4\Warcaby PK4\ruch.ixx(32,20): error C2065: "warcabnica": niezadeklarowany identyfikator
C:\Users\Krzysio\source\repos\de373c4d-gr11-repo\Projekt\Warcaby PK4\Warcaby PK4\ruch.ixx(32,74): error C2065: "warcabnica": niezadeklarowany identyfikator
C:\Users\Krzysio\source\repos\de373c4d-gr11-repo\Projekt\Warcaby PK4\Warcaby PK4\ruch.ixx(32,102): error C2065: "warcabnica": niezadeklarowany identyfikator
C:\Users\Krzysio\source\repos\de373c4d-gr11-repo\Projekt\Warcaby PK4\Warcaby PK4\ruch.ixx(38,28): error C2039: „cout”: nie jest składową elementu „std”
C:\Users\Krzysio\source\repos\de373c4d-gr11-repo\Projekt\Warcaby PK4\Warcaby PK4\predefined C++ types (compiler internal)(340): message : zobacz deklarację „std”
C:\Users\Krzysio\source\repos\de373c4d-gr11-repo\Projekt\Warcaby PK4\Warcaby PK4\ruch.ixx(38,1): error C2065: "cout": niezadeklarowany identyfikator
C:\Users\Krzysio\source\repos\de373c4d-gr11-repo\Projekt\Warcaby PK4\Warcaby PK4\ruch.ixx(41,4): error C2065: "wspolrzedne": niezadeklarowany identyfikator
C:\Users\Krzysio\source\repos\de373c4d-gr11-repo\Projekt\Warcaby PK4\Warcaby PK4\ruch.ixx(41,23): error C2039: „make_pair”: nie jest składową elementu „std”
C:\Users\Krzysio\source\repos\de373c4d-gr11-repo\Projekt\Warcaby PK4\Warcaby PK4\predefined C++ types (compiler internal)(340): message : zobacz deklarację „std”
C:\Users\Krzysio\source\repos\de373c4d-gr11-repo\Projekt\Warcaby PK4\Warcaby PK4\ruch.ixx(41,1): error C3861: "make_pair": identyfikatora nie odnaleziono
C:\Users\Krzysio\source\repos\de373c4d-gr11-repo\Projekt\Warcaby PK4\Warcaby PK4\ruch.ixx(42,4): error C2065: "warcabnica": niezadeklarowany identyfikator
C:\Users\Krzysio\source\repos\de373c4d-gr11-repo\Projekt\Warcaby PK4\Warcaby PK4\ruch.ixx(42,43): error C2065: "wspolrzedne": niezadeklarowany identyfikator
C:\Users\Krzysio\source\repos\de373c4d-gr11-repo\Projekt\Warcaby PK4\Warcaby PK4\ruch.ixx(45,10): error C2039: „cout”: nie jest składową elementu „std”
C:\Users\Krzysio\source\repos\de373c4d-gr11-repo\Projekt\Warcaby PK4\Warcaby PK4\predefined C++ types (compiler internal)(340): message : zobacz deklarację „std”
C:\Users\Krzysio\source\repos\de373c4d-gr11-repo\Projekt\Warcaby PK4\Warcaby PK4\ruch.ixx(45,1): error C2065: "cout": niezadeklarowany identyfikator
C:\Users\Krzysio\source\repos\de373c4d-gr11-repo\Projekt\Warcaby PK4\Warcaby PK4\ruch.ixx(46,10): error C2039: „cin”: nie jest składową elementu „std”
C:\Users\Krzysio\source\repos\de373c4d-gr11-repo\Projekt\Warcaby PK4\Warcaby PK4\predefined C++ types (compiler internal)(340): message : zobacz deklarację „std”
C:\Users\Krzysio\source\repos\de373c4d-gr11-repo\Projekt\Warcaby PK4\Warcaby PK4\ruch.ixx(46,1): error C2065: "cin": niezadeklarowany identyfikator
C:\Users\Krzysio\source\repos\de373c4d-gr11-repo\Projekt\Warcaby PK4\Warcaby PK4\ruch.ixx(48,14): error C2039: „cin”: nie jest składową elementu „std”
C:\Users\Krzysio\source\repos\de373c4d-gr11-repo\Projekt\Warcaby PK4\Warcaby PK4\predefined C++ types (compiler internal)(340): message : zobacz deklarację „std”
C:\Users\Krzysio\source\repos\de373c4d-gr11-repo\Projekt\Warcaby PK4\Warcaby PK4\ruch.ixx(48,1): error C2065: "cin": niezadeklarowany identyfikator
C:\Users\Krzysio\source\repos\de373c4d-gr11-repo\Projekt\Warcaby PK4\Warcaby PK4\ruch.ixx(49,6): error C3861: "system": identyfikatora nie odnaleziono
C:\Users\Krzysio\source\repos\de373c4d-gr11-repo\Projekt\Warcaby PK4\Warcaby PK4\ruch.ixx(50,11): error C2039: „cin”: nie jest składową elementu „std”
C:\Users\Krzysio\source\repos\de373c4d-gr11-repo\Projekt\Warcaby PK4\Warcaby PK4\predefined C++ types (compiler internal)(340): message : zobacz deklarację „std”
C:\Users\Krzysio\source\repos\de373c4d-gr11-repo\Projekt\Warcaby PK4\Warcaby PK4\ruch.ixx(50,1): error C2065: "cin": niezadeklarowany identyfikator
C:\Users\Krzysio\source\repos\de373c4d-gr11-repo\Projekt\Warcaby PK4\Warcaby PK4\ruch.ixx(51,11): error C2039: „cin”: nie jest składową elementu „std”
C:\Users\Krzysio\source\repos\de373c4d-gr11-repo\Projekt\Warcaby PK4\Warcaby PK4\predefined C++ types (compiler internal)(340): message : zobacz deklarację „std”
C:\Users\Krzysio\source\repos\de373c4d-gr11-repo\Projekt\Warcaby PK4\Warcaby PK4\ruch.ixx(51,1): error C2065: "cin": niezadeklarowany identyfikator
C:\Users\Krzysio\source\repos\de373c4d-gr11-repo\Projekt\Warcaby PK4\Warcaby PK4\ruch.ixx(51,27): error C2039: „numeric_limits”: nie jest składową elementu „std”
C:\Users\Krzysio\source\repos\de373c4d-gr11-repo\Projekt\Warcaby PK4\Warcaby PK4\predefined C++ types (compiler internal)(340): message : zobacz deklarację „std”
C:\Users\Krzysio\source\repos\de373c4d-gr11-repo\Projekt\Warcaby PK4\Warcaby PK4\ruch.ixx(51,1): error C2065: "numeric_limits": niezadeklarowany identyfikator
C:\Users\Krzysio\source\repos\de373c4d-gr11-repo\Projekt\Warcaby PK4\Warcaby PK4\ruch.ixx(51,47): error C2039: „streamsize”: nie jest składową elementu „std”
C:\Users\Krzysio\source\repos\de373c4d-gr11-repo\Projekt\Warcaby PK4\Warcaby PK4\predefined C++ types (compiler internal)(340): message : zobacz deklarację „std”
C:\Users\Krzysio\source\repos\de373c4d-gr11-repo\Projekt\Warcaby PK4\Warcaby PK4\ruch.ixx(51,1): error C2065: "streamsize": niezadeklarowany identyfikator
C:\Users\Krzysio\source\repos\de373c4d-gr11-repo\Projekt\Warcaby PK4\Warcaby PK4\ruch.ixx(51,60): error C2039: „max”: nie jest składową elementu „`global namespace'”
C:\Users\Krzysio\source\repos\de373c4d-gr11-repo\Projekt\Warcaby PK4\Warcaby PK4\ruch.ixx(51,1): error C3861: "max": identyfikatora nie odnaleziono
C:\Users\Krzysio\source\repos\de373c4d-gr11-repo\Projekt\Warcaby PK4\Warcaby PK4\ruch.ixx(54,22): error C2039: „toupper”: nie jest składową elementu „std”
C:\Users\Krzysio\source\repos\de373c4d-gr11-repo\Projekt\Warcaby PK4\Warcaby PK4\predefined C++ types (compiler internal)(340): message : zobacz deklarację „std”
C:\Users\Krzysio\source\repos\de373c4d-gr11-repo\Projekt\Warcaby PK4\Warcaby PK4\ruch.ixx(54,1): error C3861: "toupper": identyfikatora nie odnaleziono
C:\Users\Krzysio\source\repos\de373c4d-gr11-repo\Projekt\Warcaby PK4\Warcaby PK4\ruch.ixx(56,9): error C2065: "warcabnica": niezadeklarowany identyfikator
C:\Users\Krzysio\source\repos\de373c4d-gr11-repo\Projekt\Warcaby PK4\Warcaby PK4\ruch.ixx(57,20): error C2065: "warcabnica": niezadeklarowany identyfikator
C:\Users\Krzysio\source\repos\de373c4d-gr11-repo\Projekt\Warcaby PK4\Warcaby PK4\ruch.ixx(63,28): error C2039: „cout”: nie jest składową elementu „std”
C:\Users\Krzysio\source\repos\de373c4d-gr11-repo\Projekt\Warcaby PK4\Warcaby PK4\predefined C++ types (compiler internal)(340): message : zobacz deklarację „std”
C:\Users\Krzysio\source\repos\de373c4d-gr11-repo\Projekt\Warcaby PK4\Warcaby PK4\ruch.ixx(63,1): error C2065: "cout": niezadeklarowany identyfikator
C:\Users\Krzysio\source\repos\de373c4d-gr11-repo\Projekt\Warcaby PK4\Warcaby PK4\ruch.ixx(67,6): error C2065: "warcabnica": niezadeklarowany identyfikator
C:\Users\Krzysio\source\repos\de373c4d-gr11-repo\Projekt\Warcaby PK4\Warcaby PK4\ruch.ixx(76,11): error C2039: „cout”: nie jest składową elementu „std”
C:\Users\Krzysio\source\repos\de373c4d-gr11-repo\Projekt\Warcaby PK4\Warcaby PK4\predefined C++ types (compiler internal)(340): message : zobacz deklarację „std”
C:\Users\Krzysio\source\repos\de373c4d-gr11-repo\Projekt\Warcaby PK4\Warcaby PK4\ruch.ixx(76,1): error C2065: "cout": niezadeklarowany identyfikator
C:\Users\Krzysio\source\repos\de373c4d-gr11-repo\Projekt\Warcaby PK4\Warcaby PK4\ruch.ixx(80,11): error C2039: „cout”: nie jest składową elementu „std”
C:\Users\Krzysio\source\repos\de373c4d-gr11-repo\Projekt\Warcaby PK4\Warcaby PK4\predefined C++ types (compiler internal)(340): message : zobacz deklarację „std”
C:\Users\Krzysio\source\repos\de373c4d-gr11-repo\Projekt\Warcaby PK4\Warcaby PK4\ruch.ixx(80,1): error C2065: "cout": niezadeklarowany identyfikator
C:\Users\Krzysio\source\repos\de373c4d-gr11-repo\Projekt\Warcaby PK4\Warcaby PK4\ruch.ixx(84,6): error C2065: "warcabnica": niezadeklarowany identyfikator
C:\Users\Krzysio\source\repos\de373c4d-gr11-repo\Projekt\Warcaby PK4\Warcaby PK4\ruch.ixx(85,11): error C2039: „cout”: nie jest składową elementu „std”
C:\Users\Krzysio\source\repos\de373c4d-gr11-repo\Projekt\Warcaby PK4\Warcaby PK4\predefined C++ types (compiler internal)(340): message : zobacz deklarację „std”
C:\Users\Krzysio\source\repos\de373c4d-gr11-repo\Projekt\Warcaby PK4\Warcaby PK4\ruch.ixx(85,1): error C2065: "cout": niezadeklarowany identyfikator
C:\Users\Krzysio\source\repos\de373c4d-gr11-repo\Projekt\Warcaby PK4\Warcaby PK4\ruch.ixx(89,11): error C2039: „cout”: nie jest składową elementu „std”
C:\Users\Krzysio\source\repos\de373c4d-gr11-repo\Projekt\Warcaby PK4\Warcaby PK4\predefined C++ types (compiler internal)(340): message : zobacz deklarację „std”
C:\Users\Krzysio\source\repos\de373c4d-gr11-repo\Projekt\Warcaby PK4\Warcaby PK4\ruch.ixx(89,1): error C2065: "cout": niezadeklarowany identyfikator
C:\Users\Krzysio\source\repos\de373c4d-gr11-repo\Projekt\Warcaby PK4\Warcaby PK4\ruch.ixx(93,11): error C2039: „cout”: nie jest składową elementu „std”
C:\Users\Krzysio\source\repos\de373c4d-gr11-repo\Projekt\Warcaby PK4\Warcaby PK4\predefined C++ types (compiler internal)(340): message : zobacz deklarację „std”
C:\Users\Krzysio\source\repos\de373c4d-gr11-repo\Projekt\Warcaby PK4\Warcaby PK4\ruch.ixx(93,1): error C2065: "cout": niezadeklarowany identyfikator
C:\Users\Krzysio\source\repos\de373c4d-gr11-repo\Projekt\Warcaby PK4\Warcaby PK4\ruch.ixx(99,25): error C2065: "warcabnica": niezadeklarowany identyfikator
C:\Users\Krzysio\source\repos\de373c4d-gr11-repo\Projekt\Warcaby PK4\Warcaby PK4\ruch.ixx(99,79): error C2065: "warcabnica": niezadeklarowany identyfikator
C:\Users\Krzysio\source\repos\de373c4d-gr11-repo\Projekt\Warcaby PK4\Warcaby PK4\ruch.ixx(100,4): error C2065: "warcabnica": niezadeklarowany identyfikator
C:\Users\Krzysio\source\repos\de373c4d-gr11-repo\Projekt\Warcaby PK4\Warcaby PK4\ruch.ixx(100,25): error C2065: "warcabnica": niezadeklarowany identyfikator
C:\Users\Krzysio\source\repos\de373c4d-gr11-repo\Projekt\Warcaby PK4\Warcaby PK4\ruch.ixx(103,3): error C2065: "wspolrzedne": niezadeklarowany identyfikator
C:\Users\Krzysio\source\repos\de373c4d-gr11-repo\Projekt\Warcaby PK4\Warcaby PK4\ruch.ixx(103,22): error C2039: „make_pair”: nie jest składową elementu „std”
C:\Users\Krzysio\source\repos\de373c4d-gr11-repo\Projekt\Warcaby PK4\Warcaby PK4\predefined C++ types (compiler internal)(340): message : zobacz deklarację „std”
C:\Users\Krzysio\source\repos\de373c4d-gr11-repo\Projekt\Warcaby PK4\Warcaby PK4\ruch.ixx(103,1): error C3861: "make_pair": identyfikatora nie odnaleziono
C:\Users\Krzysio\source\repos\de373c4d-gr11-repo\Projekt\Warcaby PK4\Warcaby PK4\ruch.ixx(104,3): error C2065: "warcabnica": niezadeklarowany identyfikator
C:\Users\Krzysio\source\repos\de373c4d-gr11-repo\Projekt\Warcaby PK4\Warcaby PK4\ruch.ixx(104,42): error C2065: "wspolrzedne": niezadeklarowany identyfikator
C:\Users\Krzysio\source\repos\de373c4d-gr11-repo\Projekt\Warcaby PK4\Warcaby PK4\ruch.ixx(106,8): error C2039: „swap”: nie jest składową elementu „std”
C:\Users\Krzysio\source\repos\de373c4d-gr11-repo\Projekt\Warcaby PK4\Warcaby PK4\predefined C++ types (compiler internal)(340): message : zobacz deklarację „std”
C:\Users\Krzysio\source\repos\de373c4d-gr11-repo\Projekt\Warcaby PK4\Warcaby PK4\ruch.ixx(106,13): error C2065: "warcabnica": niezadeklarowany identyfikator
C:\Users\Krzysio\source\repos\de373c4d-gr11-repo\Projekt\Warcaby PK4\Warcaby PK4\ruch.ixx(106,39): error C2065: "warcabnica": niezadeklarowany identyfikator
C:\Users\Krzysio\source\repos\de373c4d-gr11-repo\Projekt\Warcaby PK4\Warcaby PK4\ruch.ixx(106,1): error C3861: "swap": identyfikatora nie odnaleziono
  timer.ixx
C:\Users\Krzysio\source\repos\de373c4d-gr11-repo\Projekt\Warcaby PK4\Warcaby PK4\timer.ixx(1,1): error C3378: deklarację można eksportować tylko z jednostki interfejsu modułu
C:\Users\Krzysio\source\repos\de373c4d-gr11-repo\Projekt\Warcaby PK4\Warcaby PK4\timer.ixx(1,20): error C4430: brak specyfikatora typu - założono, że int. Uwaga: C++ nie obsługuje domyślnie typu int
C:\Users\Krzysio\source\repos\de373c4d-gr11-repo\Projekt\Warcaby PK4\Warcaby PK4\timer.ixx(1,15): error C2146: błąd składniowy: brakuje „;” przed identyfikatorem „timer”
C:\Users\Krzysio\source\repos\de373c4d-gr11-repo\Projekt\Warcaby PK4\Warcaby PK4\timer.ixx(2,8): error C2143: błąd składniowy: brakuje „;” przed „<”
C:\Users\Krzysio\source\repos\de373c4d-gr11-repo\Projekt\Warcaby PK4\Warcaby PK4\timer.ixx(2,8): error C4430: brak specyfikatora typu - założono, że int. Uwaga: C++ nie obsługuje domyślnie typu int
C:\Users\Krzysio\source\repos\de373c4d-gr11-repo\Projekt\Warcaby PK4\Warcaby PK4\timer.ixx(3,8): error C2143: błąd składniowy: brakuje „;” przed „<”
C:\Users\Krzysio\source\repos\de373c4d-gr11-repo\Projekt\Warcaby PK4\Warcaby PK4\timer.ixx(3,8): error C4430: brak specyfikatora typu - założono, że int. Uwaga: C++ nie obsługuje domyślnie typu int
C:\Users\Krzysio\source\repos\de373c4d-gr11-repo\Projekt\Warcaby PK4\Warcaby PK4\timer.ixx(3,1): error C2086: "int import": zmiana definicji
C:\Users\Krzysio\source\repos\de373c4d-gr11-repo\Projekt\Warcaby PK4\Warcaby PK4\timer.ixx(2): message : zobacz deklarację „import”
C:\Users\Krzysio\source\repos\de373c4d-gr11-repo\Projekt\Warcaby PK4\Warcaby PK4\timer.ixx(4,8): error C2143: błąd składniowy: brakuje „;” przed „<”
C:\Users\Krzysio\source\repos\de373c4d-gr11-repo\Projekt\Warcaby PK4\Warcaby PK4\timer.ixx(4,8): error C4430: brak specyfikatora typu - założono, że int. Uwaga: C++ nie obsługuje domyślnie typu int
C:\Users\Krzysio\source\repos\de373c4d-gr11-repo\Projekt\Warcaby PK4\Warcaby PK4\timer.ixx(4,1): error C2086: "int import": zmiana definicji
C:\Users\Krzysio\source\repos\de373c4d-gr11-repo\Projekt\Warcaby PK4\Warcaby PK4\timer.ixx(2): message : zobacz deklarację „import”
C:\Users\Krzysio\source\repos\de373c4d-gr11-repo\Projekt\Warcaby PK4\Warcaby PK4\timer.ixx(5,8): error C2143: błąd składniowy: brakuje „;” przed „<”
C:\Users\Krzysio\source\repos\de373c4d-gr11-repo\Projekt\Warcaby PK4\Warcaby PK4\timer.ixx(5,8): error C4430: brak specyfikatora typu - założono, że int. Uwaga: C++ nie obsługuje domyślnie typu int
C:\Users\Krzysio\source\repos\de373c4d-gr11-repo\Projekt\Warcaby PK4\Warcaby PK4\timer.ixx(5,1): error C2086: "int import": zmiana definicji
C:\Users\Krzysio\source\repos\de373c4d-gr11-repo\Projekt\Warcaby PK4\Warcaby PK4\timer.ixx(2): message : zobacz deklarację „import”
C:\Users\Krzysio\source\repos\de373c4d-gr11-repo\Projekt\Warcaby PK4\Warcaby PK4\timer.ixx(7,12): error C4430: brak specyfikatora typu - założono, że int. Uwaga: C++ nie obsługuje domyślnie typu int
C:\Users\Krzysio\source\repos\de373c4d-gr11-repo\Projekt\Warcaby PK4\Warcaby PK4\timer.ixx(7,1): error C2086: "int import": zmiana definicji
C:\Users\Krzysio\source\repos\de373c4d-gr11-repo\Projekt\Warcaby PK4\Warcaby PK4\timer.ixx(2): message : zobacz deklarację „import”
C:\Users\Krzysio\source\repos\de373c4d-gr11-repo\Projekt\Warcaby PK4\Warcaby PK4\timer.ixx(7,8): error C2146: błąd składniowy: brakuje „;” przed identyfikatorem „pola”
C:\Users\Krzysio\source\repos\de373c4d-gr11-repo\Projekt\Warcaby PK4\Warcaby PK4\timer.ixx(8,18): error C4430: brak specyfikatora typu - założono, że int. Uwaga: C++ nie obsługuje domyślnie typu int
C:\Users\Krzysio\source\repos\de373c4d-gr11-repo\Projekt\Warcaby PK4\Warcaby PK4\timer.ixx(8,1): error C2086: "int import": zmiana definicji
C:\Users\Krzysio\source\repos\de373c4d-gr11-repo\Projekt\Warcaby PK4\Warcaby PK4\timer.ixx(2): message : zobacz deklarację „import”
C:\Users\Krzysio\source\repos\de373c4d-gr11-repo\Projekt\Warcaby PK4\Warcaby PK4\timer.ixx(8,8): error C2146: błąd składniowy: brakuje „;” przed identyfikatorem „Warcabnica”
C:\Users\Krzysio\source\repos\de373c4d-gr11-repo\Projekt\Warcaby PK4\Warcaby PK4\timer.ixx(9,12): error C4430: brak specyfikatora typu - założono, że int. Uwaga: C++ nie obsługuje domyślnie typu int
C:\Users\Krzysio\source\repos\de373c4d-gr11-repo\Projekt\Warcaby PK4\Warcaby PK4\timer.ixx(9,1): error C2086: "int import": zmiana definicji
C:\Users\Krzysio\source\repos\de373c4d-gr11-repo\Projekt\Warcaby PK4\Warcaby PK4\timer.ixx(2): message : zobacz deklarację „import”
C:\Users\Krzysio\source\repos\de373c4d-gr11-repo\Projekt\Warcaby PK4\Warcaby PK4\timer.ixx(9,8): error C2146: błąd składniowy: brakuje „;” przed identyfikatorem „ruch”
C:\Users\Krzysio\source\repos\de373c4d-gr11-repo\Projekt\Warcaby PK4\Warcaby PK4\timer.ixx(11,1): error C3378: deklarację można eksportować tylko z jednostki interfejsu modułu
C:\Users\Krzysio\source\repos\de373c4d-gr11-repo\Projekt\Warcaby PK4\Warcaby PK4\timer.ixx(11,13): error C2182: "timer": niedozwolone użycie typu "void"
C:\Users\Krzysio\source\repos\de373c4d-gr11-repo\Projekt\Warcaby PK4\Warcaby PK4\timer.ixx(11,19): error C2065: "Warcabnica": niezadeklarowany identyfikator
C:\Users\Krzysio\source\repos\de373c4d-gr11-repo\Projekt\Warcaby PK4\Warcaby PK4\timer.ixx(11,31): error C2065: "warcabnica": niezadeklarowany identyfikator
C:\Users\Krzysio\source\repos\de373c4d-gr11-repo\Projekt\Warcaby PK4\Warcaby PK4\timer.ixx(11,48): error C2039: „promise”: nie jest składową elementu „std”
C:\Users\Krzysio\source\repos\de373c4d-gr11-repo\Projekt\Warcaby PK4\Warcaby PK4\predefined C++ types (compiler internal)(340): message : zobacz deklarację „std”
C:\Users\Krzysio\source\repos\de373c4d-gr11-repo\Projekt\Warcaby PK4\Warcaby PK4\timer.ixx(11,55): error C2065: "promise": niezadeklarowany identyfikator
C:\Users\Krzysio\source\repos\de373c4d-gr11-repo\Projekt\Warcaby PK4\Warcaby PK4\timer.ixx(11,56): error C2062: nieoczekiwany typ "int"
C:\Users\Krzysio\source\repos\de373c4d-gr11-repo\Projekt\Warcaby PK4\Warcaby PK4\timer.ixx(11,65): error C2143: błąd składniowy: brakuje „;” przed „{”
C:\Users\Krzysio\source\repos\de373c4d-gr11-repo\Projekt\Warcaby PK4\Warcaby PK4\timer.ixx(11,65): error C2447: "{": brak nagłówka funkcji (stary styl formalnej listy?)
  Warcabnica.ixx
C:\Users\Krzysio\source\repos\de373c4d-gr11-repo\Projekt\Warcaby PK4\Warcaby PK4\Warcabnica.ixx(1,1): error C3378: deklarację można eksportować tylko z jednostki interfejsu modułu
C:\Users\Krzysio\source\repos\de373c4d-gr11-repo\Projekt\Warcaby PK4\Warcaby PK4\Warcabnica.ixx(1,25): error C4430: brak specyfikatora typu - założono, że int. Uwaga: C++ nie obsługuje domyślnie typu int
C:\Users\Krzysio\source\repos\de373c4d-gr11-repo\Projekt\Warcaby PK4\Warcaby PK4\Warcabnica.ixx(1,15): error C2146: błąd składniowy: brakuje „;” przed identyfikatorem „Warcabnica”
C:\Users\Krzysio\source\repos\de373c4d-gr11-repo\Projekt\Warcaby PK4\Warcaby PK4\Warcabnica.ixx(2,12): error C4430: brak specyfikatora typu - założono, że int. Uwaga: C++ nie obsługuje domyślnie typu int
C:\Users\Krzysio\source\repos\de373c4d-gr11-repo\Projekt\Warcaby PK4\Warcaby PK4\Warcabnica.ixx(2,8): error C2146: błąd składniowy: brakuje „;” przed identyfikatorem „pola”
C:\Users\Krzysio\source\repos\de373c4d-gr11-repo\Projekt\Warcaby PK4\Warcaby PK4\Warcabnica.ixx(3,8): error C2143: błąd składniowy: brakuje „;” przed „<”
C:\Users\Krzysio\source\repos\de373c4d-gr11-repo\Projekt\Warcaby PK4\Warcaby PK4\Warcabnica.ixx(3,8): error C4430: brak specyfikatora typu - założono, że int. Uwaga: C++ nie obsługuje domyślnie typu int
C:\Users\Krzysio\source\repos\de373c4d-gr11-repo\Projekt\Warcaby PK4\Warcaby PK4\Warcabnica.ixx(3,1): error C2086: "int import": zmiana definicji
C:\Users\Krzysio\source\repos\de373c4d-gr11-repo\Projekt\Warcaby PK4\Warcaby PK4\Warcabnica.ixx(2): message : zobacz deklarację „import”
C:\Users\Krzysio\source\repos\de373c4d-gr11-repo\Projekt\Warcaby PK4\Warcaby PK4\Warcabnica.ixx(4,8): error C2143: błąd składniowy: brakuje „;” przed „<”
C:\Users\Krzysio\source\repos\de373c4d-gr11-repo\Projekt\Warcaby PK4\Warcaby PK4\Warcabnica.ixx(4,8): error C4430: brak specyfikatora typu - założono, że int. Uwaga: C++ nie obsługuje domyślnie typu int
C:\Users\Krzysio\source\repos\de373c4d-gr11-repo\Projekt\Warcaby PK4\Warcaby PK4\Warcabnica.ixx(4,1): error C2086: "int import": zmiana definicji
C:\Users\Krzysio\source\repos\de373c4d-gr11-repo\Projekt\Warcaby PK4\Warcaby PK4\Warcabnica.ixx(2): message : zobacz deklarację „import”
C:\Users\Krzysio\source\repos\de373c4d-gr11-repo\Projekt\Warcaby PK4\Warcaby PK4\Warcabnica.ixx(5,8): error C2143: błąd składniowy: brakuje „;” przed „<”
C:\Users\Krzysio\source\repos\de373c4d-gr11-repo\Projekt\Warcaby PK4\Warcaby PK4\Warcabnica.ixx(5,8): error C4430: brak specyfikatora typu - założono, że int. Uwaga: C++ nie obsługuje domyślnie typu int
C:\Users\Krzysio\source\repos\de373c4d-gr11-repo\Projekt\Warcaby PK4\Warcaby PK4\Warcabnica.ixx(5,1): error C2086: "int import": zmiana definicji
C:\Users\Krzysio\source\repos\de373c4d-gr11-repo\Projekt\Warcaby PK4\Warcaby PK4\Warcabnica.ixx(2): message : zobacz deklarację „import”
C:\Users\Krzysio\source\repos\de373c4d-gr11-repo\Projekt\Warcaby PK4\Warcaby PK4\Warcabnica.ixx(6,8): error C2143: błąd składniowy: brakuje „;” przed „<”
C:\Users\Krzysio\source\repos\de373c4d-gr11-repo\Projekt\Warcaby PK4\Warcaby PK4\Warcabnica.ixx(6,8): error C4430: brak specyfikatora typu - założono, że int. Uwaga: C++ nie obsługuje domyślnie typu int
C:\Users\Krzysio\source\repos\de373c4d-gr11-repo\Projekt\Warcaby PK4\Warcaby PK4\Warcabnica.ixx(6,1): error C2086: "int import": zmiana definicji
C:\Users\Krzysio\source\repos\de373c4d-gr11-repo\Projekt\Warcaby PK4\Warcaby PK4\Warcabnica.ixx(2): message : zobacz deklarację „import”
C:\Users\Krzysio\source\repos\de373c4d-gr11-repo\Projekt\Warcaby PK4\Warcaby PK4\Warcabnica.ixx(7,8): error C2143: błąd składniowy: brakuje „;” przed „<”
C:\Users\Krzysio\source\repos\de373c4d-gr11-repo\Projekt\Warcaby PK4\Warcaby PK4\Warcabnica.ixx(7,8): error C4430: brak specyfikatora typu - założono, że int. Uwaga: C++ nie obsługuje domyślnie typu int
C:\Users\Krzysio\source\repos\de373c4d-gr11-repo\Projekt\Warcaby PK4\Warcaby PK4\Warcabnica.ixx(7,1): error C2086: "int import": zmiana definicji
C:\Users\Krzysio\source\repos\de373c4d-gr11-repo\Projekt\Warcaby PK4\Warcaby PK4\Warcabnica.ixx(2): message : zobacz deklarację „import”
C:\Users\Krzysio\source\repos\de373c4d-gr11-repo\Projekt\Warcaby PK4\Warcaby PK4\Warcabnica.ixx(8,8): error C2143: błąd składniowy: brakuje „;” przed „<”
C:\Users\Krzysio\source\repos\de373c4d-gr11-repo\Projekt\Warcaby PK4\Warcaby PK4\Warcabnica.ixx(8,8): error C4430: brak specyfikatora typu - założono, że int. Uwaga: C++ nie obsługuje domyślnie typu int
C:\Users\Krzysio\source\repos\de373c4d-gr11-repo\Projekt\Warcaby PK4\Warcaby PK4\Warcabnica.ixx(8,1): error C2086: "int import": zmiana definicji
C:\Users\Krzysio\source\repos\de373c4d-gr11-repo\Projekt\Warcaby PK4\Warcaby PK4\Warcabnica.ixx(2): message : zobacz deklarację „import”
C:\Users\Krzysio\source\repos\de373c4d-gr11-repo\Projekt\Warcaby PK4\Warcaby PK4\Warcabnica.ixx(9,8): error C2143: błąd składniowy: brakuje „;” przed „<”
C:\Users\Krzysio\source\repos\de373c4d-gr11-repo\Projekt\Warcaby PK4\Warcaby PK4\Warcabnica.ixx(9,8): error C4430: brak specyfikatora typu - założono, że int. Uwaga: C++ nie obsługuje domyślnie typu int
C:\Users\Krzysio\source\repos\de373c4d-gr11-repo\Projekt\Warcaby PK4\Warcaby PK4\Warcabnica.ixx(9,1): error C2086: "int import": zmiana definicji
C:\Users\Krzysio\source\repos\de373c4d-gr11-repo\Projekt\Warcaby PK4\Warcaby PK4\Warcabnica.ixx(2): message : zobacz deklarację „import”
C:\Users\Krzysio\source\repos\de373c4d-gr11-repo\Projekt\Warcaby PK4\Warcaby PK4\Warcabnica.ixx(10,8): error C2143: błąd składniowy: brakuje „;” przed „<”
C:\Users\Krzysio\source\repos\de373c4d-gr11-repo\Projekt\Warcaby PK4\Warcaby PK4\Warcabnica.ixx(10,8): error C4430: brak specyfikatora typu - założono, że int. Uwaga: C++ nie obsługuje domyślnie typu int
C:\Users\Krzysio\source\repos\de373c4d-gr11-repo\Projekt\Warcaby PK4\Warcaby PK4\Warcabnica.ixx(10,1): error C2086: "int import": zmiana definicji
C:\Users\Krzysio\source\repos\de373c4d-gr11-repo\Projekt\Warcaby PK4\Warcaby PK4\Warcabnica.ixx(2): message : zobacz deklarację „import”
C:\Users\Krzysio\source\repos\de373c4d-gr11-repo\Projekt\Warcaby PK4\Warcaby PK4\Warcabnica.ixx(11,8): error C2143: błąd składniowy: brakuje „;” przed „<”
C:\Users\Krzysio\source\repos\de373c4d-gr11-repo\Projekt\Warcaby PK4\Warcaby PK4\Warcabnica.ixx(11,8): error C4430: brak specyfikatora typu - założono, że int. Uwaga: C++ nie obsługuje domyślnie typu int
C:\Users\Krzysio\source\repos\de373c4d-gr11-repo\Projekt\Warcaby PK4\Warcaby PK4\Warcabnica.ixx(11,1): error C2086: "int import": zmiana definicji
C:\Users\Krzysio\source\repos\de373c4d-gr11-repo\Projekt\Warcaby PK4\Warcaby PK4\Warcabnica.ixx(2): message : zobacz deklarację „import”
C:\Users\Krzysio\source\repos\de373c4d-gr11-repo\Projekt\Warcaby PK4\Warcaby PK4\Warcabnica.ixx(13,1): error C3378: deklarację można eksportować tylko z jednostki interfejsu modułu
C:\Users\Krzysio\source\repos\de373c4d-gr11-repo\Projekt\Warcaby PK4\Warcaby PK4\Warcabnica.ixx(14,7): error C2039: „vector”: nie jest składową elementu „std”
C:\Users\Krzysio\source\repos\de373c4d-gr11-repo\Projekt\Warcaby PK4\Warcaby PK4\predefined C++ types (compiler internal)(340): message : zobacz deklarację „std”
C:\Users\Krzysio\source\repos\de373c4d-gr11-repo\Projekt\Warcaby PK4\Warcaby PK4\Warcabnica.ixx(14,13): error C2143: błąd składniowy: brakuje „;” przed „<”
C:\Users\Krzysio\source\repos\de373c4d-gr11-repo\Projekt\Warcaby PK4\Warcaby PK4\Warcabnica.ixx(14,13): error C4430: brak specyfikatora typu - założono, że int. Uwaga: C++ nie obsługuje domyślnie typu int
C:\Users\Krzysio\source\repos\de373c4d-gr11-repo\Projekt\Warcaby PK4\Warcaby PK4\Warcabnica.ixx(14,19): error C2039: „vector”: nie jest składową elementu „std”
C:\Users\Krzysio\source\repos\de373c4d-gr11-repo\Projekt\Warcaby PK4\Warcaby PK4\predefined C++ types (compiler internal)(340): message : zobacz deklarację „std”
C:\Users\Krzysio\source\repos\de373c4d-gr11-repo\Projekt\Warcaby PK4\Warcaby PK4\Warcabnica.ixx(14,31): error C2039: „shared_ptr”: nie jest składową elementu „std”
C:\Users\Krzysio\source\repos\de373c4d-gr11-repo\Projekt\Warcaby PK4\Warcaby PK4\predefined C++ types (compiler internal)(340): message : zobacz deklarację „std”
C:\Users\Krzysio\source\repos\de373c4d-gr11-repo\Projekt\Warcaby PK4\Warcaby PK4\Warcabnica.ixx(14,57): error C2238: nieoczekiwany(e) token(y) poprzedzający(e) ";"
C:\Users\Krzysio\source\repos\de373c4d-gr11-repo\Projekt\Warcaby PK4\Warcaby PK4\Warcabnica.ixx(15,7): error C2039: „vector”: nie jest składową elementu „std”
C:\Users\Krzysio\source\repos\de373c4d-gr11-repo\Projekt\Warcaby PK4\Warcaby PK4\predefined C++ types (compiler internal)(340): message : zobacz deklarację „std”
C:\Users\Krzysio\source\repos\de373c4d-gr11-repo\Projekt\Warcaby PK4\Warcaby PK4\Warcabnica.ixx(15,13): error C2143: błąd składniowy: brakuje „;” przed „<”
C:\Users\Krzysio\source\repos\de373c4d-gr11-repo\Projekt\Warcaby PK4\Warcaby PK4\Warcabnica.ixx(15,13): error C4430: brak specyfikatora typu - założono, że int. Uwaga: C++ nie obsługuje domyślnie typu int
C:\Users\Krzysio\source\repos\de373c4d-gr11-repo\Projekt\Warcaby PK4\Warcaby PK4\Warcabnica.ixx(15,19): error C2039: „pair”: nie jest składową elementu „std”
C:\Users\Krzysio\source\repos\de373c4d-gr11-repo\Projekt\Warcaby PK4\Warcaby PK4\predefined C++ types (compiler internal)(340): message : zobacz deklarację „std”
C:\Users\Krzysio\source\repos\de373c4d-gr11-repo\Projekt\Warcaby PK4\Warcaby PK4\Warcabnica.ixx(15,52): error C2238: nieoczekiwany(e) token(y) poprzedzający(e) ";"
C:\Users\Krzysio\source\repos\de373c4d-gr11-repo\Projekt\Warcaby PK4\Warcaby PK4\Warcabnica.ixx(19,18): error C2039: „shared_ptr”: nie jest składową elementu „std”
C:\Users\Krzysio\source\repos\de373c4d-gr11-repo\Projekt\Warcaby PK4\Warcaby PK4\predefined C++ types (compiler internal)(340): message : zobacz deklarację „std”
C:\Users\Krzysio\source\repos\de373c4d-gr11-repo\Projekt\Warcaby PK4\Warcaby PK4\Warcabnica.ixx(19,28): error C2061: błąd składniowy: identyfikator „shared_ptr”
C:\Users\Krzysio\source\repos\de373c4d-gr11-repo\Projekt\Warcaby PK4\Warcaby PK4\Warcabnica.ixx(23,21): error C2039: „shared_ptr”: nie jest składową elementu „std”
C:\Users\Krzysio\source\repos\de373c4d-gr11-repo\Projekt\Warcaby PK4\Warcaby PK4\predefined C++ types (compiler internal)(340): message : zobacz deklarację „std”
C:\Users\Krzysio\source\repos\de373c4d-gr11-repo\Projekt\Warcaby PK4\Warcaby PK4\Warcabnica.ixx(23,31): error C2061: błąd składniowy: identyfikator „shared_ptr”
C:\Users\Krzysio\source\repos\de373c4d-gr11-repo\Projekt\Warcaby PK4\Warcaby PK4\Warcabnica.ixx(167,7): error C2039: „vector”: nie jest składową elementu „std”
C:\Users\Krzysio\source\repos\de373c4d-gr11-repo\Projekt\Warcaby PK4\Warcaby PK4\predefined C++ types (compiler internal)(340): message : zobacz deklarację „std”
C:\Users\Krzysio\source\repos\de373c4d-gr11-repo\Projekt\Warcaby PK4\Warcaby PK4\Warcabnica.ixx(167,13): error C2143: błąd składniowy: brakuje „;” przed „<”
C:\Users\Krzysio\source\repos\de373c4d-gr11-repo\Projekt\Warcaby PK4\Warcaby PK4\Warcabnica.ixx(167,13): error C4430: brak specyfikatora typu - założono, że int. Uwaga: C++ nie obsługuje domyślnie typu int
C:\Users\Krzysio\source\repos\de373c4d-gr11-repo\Projekt\Warcaby PK4\Warcaby PK4\Warcabnica.ixx(167,19): error C2039: „pair”: nie jest składową elementu „std”
C:\Users\Krzysio\source\repos\de373c4d-gr11-repo\Projekt\Warcaby PK4\Warcaby PK4\predefined C++ types (compiler internal)(340): message : zobacz deklarację „std”
C:\Users\Krzysio\source\repos\de373c4d-gr11-repo\Projekt\Warcaby PK4\Warcaby PK4\Warcabnica.ixx(167,71): error C2334: nieoczekiwany(e) token(y) poprzedzające "{"; pomijanie treści widocznych funkcji
C:\Users\Krzysio\source\repos\de373c4d-gr11-repo\Projekt\Warcaby PK4\Warcaby PK4\Warcabnica.ixx(244,27): error C2039: „string”: nie jest składową elementu „std”
C:\Users\Krzysio\source\repos\de373c4d-gr11-repo\Projekt\Warcaby PK4\Warcaby PK4\predefined C++ types (compiler internal)(340): message : zobacz deklarację „std”
C:\Users\Krzysio\source\repos\de373c4d-gr11-repo\Projekt\Warcaby PK4\Warcaby PK4\Warcabnica.ixx(244,33): error C2061: błąd składniowy: identyfikator „string”
C:\Users\Krzysio\source\repos\de373c4d-gr11-repo\Projekt\Warcaby PK4\Warcaby PK4\Warcabnica.ixx(20,3): error C2065: "pole": niezadeklarowany identyfikator
C:\Users\Krzysio\source\repos\de373c4d-gr11-repo\Projekt\Warcaby PK4\Warcaby PK4\Warcabnica.ixx(20,15): error C2039: „make_shared”: nie jest składową elementu „std”
C:\Users\Krzysio\source\repos\de373c4d-gr11-repo\Projekt\Warcaby PK4\Warcaby PK4\predefined C++ types (compiler internal)(340): message : zobacz deklarację „std”
C:\Users\Krzysio\source\repos\de373c4d-gr11-repo\Projekt\Warcaby PK4\Warcaby PK4\Warcabnica.ixx(20,1): error C2065: "make_shared": niezadeklarowany identyfikator
C:\Users\Krzysio\source\repos\de373c4d-gr11-repo\Projekt\Warcaby PK4\Warcaby PK4\Warcabnica.ixx(20,27): error C2065: "polePuste": niezadeklarowany identyfikator
C:\Users\Krzysio\source\repos\de373c4d-gr11-repo\Projekt\Warcaby PK4\Warcaby PK4\Warcabnica.ixx(20,38): error C2059: błąd składniowy: „)”
C:\Users\Krzysio\source\repos\de373c4d-gr11-repo\Projekt\Warcaby PK4\Warcaby PK4\Warcabnica.ixx(24,3): error C2065: "pole": niezadeklarowany identyfikator
C:\Users\Krzysio\source\repos\de373c4d-gr11-repo\Projekt\Warcaby PK4\Warcaby PK4\Warcabnica.ixx(24,15): error C2039: „shared_ptr”: nie jest składową elementu „std”
C:\Users\Krzysio\source\repos\de373c4d-gr11-repo\Projekt\Warcaby PK4\Warcaby PK4\predefined C++ types (compiler internal)(340): message : zobacz deklarację „std”
C:\Users\Krzysio\source\repos\de373c4d-gr11-repo\Projekt\Warcaby PK4\Warcaby PK4\Warcabnica.ixx(24,1): error C2065: "shared_ptr": niezadeklarowany identyfikator
C:\Users\Krzysio\source\repos\de373c4d-gr11-repo\Projekt\Warcaby PK4\Warcaby PK4\Warcabnica.ixx(24,26): error C2065: "poleDamka": niezadeklarowany identyfikator
C:\Users\Krzysio\source\repos\de373c4d-gr11-repo\Projekt\Warcaby PK4\Warcaby PK4\Warcabnica.ixx(24,41): error C2061: błąd składniowy: identyfikator „poleDamka”
C:\Users\Krzysio\source\repos\de373c4d-gr11-repo\Projekt\Warcaby PK4\Warcaby PK4\Warcabnica.ixx(28,15): error C3861: "pow": identyfikatora nie odnaleziono
C:\Users\Krzysio\source\repos\de373c4d-gr11-repo\Projekt\Warcaby PK4\Warcaby PK4\Warcabnica.ixx(28,49): error C3861: "pow": identyfikatora nie odnaleziono
C:\Users\Krzysio\source\repos\de373c4d-gr11-repo\Projekt\Warcaby PK4\Warcaby PK4\Warcabnica.ixx(28,10): error C3861: "sqrt": identyfikatora nie odnaleziono
C:\Users\Krzysio\source\repos\de373c4d-gr11-repo\Projekt\Warcaby PK4\Warcaby PK4\Warcabnica.ixx(33,104): error C2065: "poleGry": niezadeklarowany identyfikator
C:\Users\Krzysio\source\repos\de373c4d-gr11-repo\Projekt\Warcaby PK4\Warcaby PK4\Warcabnica.ixx(36,22): error C3861: "sqrt": identyfikatora nie odnaleziono
C:\Users\Krzysio\source\repos\de373c4d-gr11-repo\Projekt\Warcaby PK4\Warcaby PK4\Warcabnica.ixx(36,50): error C3861: "sqrt": identyfikatora nie odnaleziono
C:\Users\Krzysio\source\repos\de373c4d-gr11-repo\Projekt\Warcaby PK4\Warcaby PK4\Warcabnica.ixx(41,23): error C3861: "sqrt": identyfikatora nie odnaleziono
C:\Users\Krzysio\source\repos\de373c4d-gr11-repo\Projekt\Warcaby PK4\Warcaby PK4\Warcabnica.ixx(42,12): error C2039: „swap”: nie jest składową elementu „std”
C:\Users\Krzysio\source\repos\de373c4d-gr11-repo\Projekt\Warcaby PK4\Warcaby PK4\predefined C++ types (compiler internal)(340): message : zobacz deklarację „std”
C:\Users\Krzysio\source\repos\de373c4d-gr11-repo\Projekt\Warcaby PK4\Warcaby PK4\Warcabnica.ixx(42,17): error C2065: "poleGry": niezadeklarowany identyfikator
C:\Users\Krzysio\source\repos\de373c4d-gr11-repo\Projekt\Warcaby PK4\Warcaby PK4\Warcabnica.ixx(42,47): error C2065: "poleGry": niezadeklarowany identyfikator
C:\Users\Krzysio\source\repos\de373c4d-gr11-repo\Projekt\Warcaby PK4\Warcaby PK4\Warcabnica.ixx(42,1): error C3861: "swap": identyfikatora nie odnaleziono
C:\Users\Krzysio\source\repos\de373c4d-gr11-repo\Projekt\Warcaby PK4\Warcaby PK4\Warcabnica.ixx(46,27): error C3861: "sqrt": identyfikatora nie odnaleziono
C:\Users\Krzysio\source\repos\de373c4d-gr11-repo\Projekt\Warcaby PK4\Warcaby PK4\Warcabnica.ixx(49,12): error C2065: "poleGry": niezadeklarowany identyfikator
C:\Users\Krzysio\source\repos\de373c4d-gr11-repo\Projekt\Warcaby PK4\Warcaby PK4\Warcabnica.ixx(54,14): error C2065: "poleGry": niezadeklarowany identyfikator
C:\Users\Krzysio\source\repos\de373c4d-gr11-repo\Projekt\Warcaby PK4\Warcaby PK4\Warcabnica.ixx(54,1): error C2660: "Warcabnica::bicie": funkcja nie przyjmuje 1 argumentów
C:\Users\Krzysio\source\repos\de373c4d-gr11-repo\Projekt\Warcaby PK4\Warcaby PK4\Warcabnica.ixx(19,7): message : zobacz deklarację „Warcabnica::bicie”
C:\Users\Krzysio\source\repos\de373c4d-gr11-repo\Projekt\Warcaby PK4\Warcaby PK4\Warcabnica.ixx(55,13): error C2039: „swap”: nie jest składową elementu „std”
C:\Users\Krzysio\source\repos\de373c4d-gr11-repo\Projekt\Warcaby PK4\Warcaby PK4\predefined C++ types (compiler internal)(340): message : zobacz deklarację „std”
C:\Users\Krzysio\source\repos\de373c4d-gr11-repo\Projekt\Warcaby PK4\Warcaby PK4\Warcabnica.ixx(55,18): error C2065: "poleGry": niezadeklarowany identyfikator
C:\Users\Krzysio\source\repos\de373c4d-gr11-repo\Projekt\Warcaby PK4\Warcaby PK4\Warcabnica.ixx(55,48): error C2065: "poleGry": niezadeklarowany identyfikator
C:\Users\Krzysio\source\repos\de373c4d-gr11-repo\Projekt\Warcaby PK4\Warcaby PK4\Warcabnica.ixx(55,1): error C3861: "swap": identyfikatora nie odnaleziono
C:\Users\Krzysio\source\repos\de373c4d-gr11-repo\Projekt\Warcaby PK4\Warcaby PK4\Warcabnica.ixx(56,12): error C3861: "szukajBicia": identyfikatora nie odnaleziono
C:\Users\Krzysio\source\repos\de373c4d-gr11-repo\Projekt\Warcaby PK4\Warcaby PK4\Warcabnica.ixx(57,9): error C3861: "system": identyfikatora nie odnaleziono
C:\Users\Krzysio\source\repos\de373c4d-gr11-repo\Projekt\Warcaby PK4\Warcaby PK4\Warcabnica.ixx(114,8): error C2039: „vector”: nie jest składową elementu „std”
C:\Users\Krzysio\source\repos\de373c4d-gr11-repo\Projekt\Warcaby PK4\Warcaby PK4\predefined C++ types (compiler internal)(340): message : zobacz deklarację „std”
C:\Users\Krzysio\source\repos\de373c4d-gr11-repo\Projekt\Warcaby PK4\Warcaby PK4\Warcabnica.ixx(114,1): error C2065: "vector": niezadeklarowany identyfikator
C:\Users\Krzysio\source\repos\de373c4d-gr11-repo\Projekt\Warcaby PK4\Warcaby PK4\Warcabnica.ixx(114,20): error C2039: „shared_ptr”: nie jest składową elementu „std”
C:\Users\Krzysio\source\repos\de373c4d-gr11-repo\Projekt\Warcaby PK4\Warcaby PK4\predefined C++ types (compiler internal)(340): message : zobacz deklarację „std”
C:\Users\Krzysio\source\repos\de373c4d-gr11-repo\Projekt\Warcaby PK4\Warcaby PK4\Warcabnica.ixx(114,1): error C2065: "shared_ptr": niezadeklarowany identyfikator
C:\Users\Krzysio\source\repos\de373c4d-gr11-repo\Projekt\Warcaby PK4\Warcaby PK4\Warcabnica.ixx(114,31): error C2065: "pole": niezadeklarowany identyfikator
C:\Users\Krzysio\source\repos\de373c4d-gr11-repo\Projekt\Warcaby PK4\Warcaby PK4\Warcabnica.ixx(114,38): error C2065: "temp": niezadeklarowany identyfikator
C:\Users\Krzysio\source\repos\de373c4d-gr11-repo\Projekt\Warcaby PK4\Warcaby PK4\Warcabnica.ixx(118,4): error C2065: "temp": niezadeklarowany identyfikator
C:\Users\Krzysio\source\repos\de373c4d-gr11-repo\Projekt\Warcaby PK4\Warcaby PK4\Warcabnica.ixx(121,6): error C2065: "temp": niezadeklarowany identyfikator
C:\Users\Krzysio\source\repos\de373c4d-gr11-repo\Projekt\Warcaby PK4\Warcaby PK4\Warcabnica.ixx(121,26): error C2039: „shared_ptr”: nie jest składową elementu „std”
C:\Users\Krzysio\source\repos\de373c4d-gr11-repo\Projekt\Warcaby PK4\Warcaby PK4\predefined C++ types (compiler internal)(340): message : zobacz deklarację „std”
C:\Users\Krzysio\source\repos\de373c4d-gr11-repo\Projekt\Warcaby PK4\Warcaby PK4\Warcabnica.ixx(121,1): error C2065: "shared_ptr": niezadeklarowany identyfikator
C:\Users\Krzysio\source\repos\de373c4d-gr11-repo\Projekt\Warcaby PK4\Warcaby PK4\Warcabnica.ixx(121,37): error C2065: "polePuste": niezadeklarowany identyfikator
C:\Users\Krzysio\source\repos\de373c4d-gr11-repo\Projekt\Warcaby PK4\Warcaby PK4\Warcabnica.ixx(121,52): error C2061: błąd składniowy: identyfikator „polePuste”
C:\Users\Krzysio\source\repos\de373c4d-gr11-repo\Projekt\Warcaby PK4\Warcaby PK4\Warcabnica.ixx(124,6): error C2065: "temp": niezadeklarowany identyfikator
C:\Users\Krzysio\source\repos\de373c4d-gr11-repo\Projekt\Warcaby PK4\Warcaby PK4\Warcabnica.ixx(124,26): error C2039: „shared_ptr”: nie jest składową elementu „std”
C:\Users\Krzysio\source\repos\de373c4d-gr11-repo\Projekt\Warcaby PK4\Warcaby PK4\predefined C++ types (compiler internal)(340): message : zobacz deklarację „std”
C:\Users\Krzysio\source\repos\de373c4d-gr11-repo\Projekt\Warcaby PK4\Warcaby PK4\Warcabnica.ixx(124,1): error C2065: "shared_ptr": niezadeklarowany identyfikator
C:\Users\Krzysio\source\repos\de373c4d-gr11-repo\Projekt\Warcaby PK4\Warcaby PK4\Warcabnica.ixx(124,37): error C2065: "poleBierka": niezadeklarowany identyfikator
C:\Users\Krzysio\source\repos\de373c4d-gr11-repo\Projekt\Warcaby PK4\Warcaby PK4\Warcabnica.ixx(124,53): error C2061: błąd składniowy: identyfikator „poleBierka”
C:\Users\Krzysio\source\repos\de373c4d-gr11-repo\Projekt\Warcaby PK4\Warcaby PK4\Warcabnica.ixx(127,6): error C2065: "temp": niezadeklarowany identyfikator
C:\Users\Krzysio\source\repos\de373c4d-gr11-repo\Projekt\Warcaby PK4\Warcaby PK4\Warcabnica.ixx(127,26): error C2039: „shared_ptr”: nie jest składową elementu „std”
C:\Users\Krzysio\source\repos\de373c4d-gr11-repo\Projekt\Warcaby PK4\Warcaby PK4\predefined C++ types (compiler internal)(340): message : zobacz deklarację „std”
C:\Users\Krzysio\source\repos\de373c4d-gr11-repo\Projekt\Warcaby PK4\Warcaby PK4\Warcabnica.ixx(127,1): error C2065: "shared_ptr": niezadeklarowany identyfikator
C:\Users\Krzysio\source\repos\de373c4d-gr11-repo\Projekt\Warcaby PK4\Warcaby PK4\Warcabnica.ixx(127,37): error C2065: "polePuste": niezadeklarowany identyfikator
C:\Users\Krzysio\source\repos\de373c4d-gr11-repo\Projekt\Warcaby PK4\Warcaby PK4\Warcabnica.ixx(127,52): error C2061: błąd składniowy: identyfikator „polePuste”
C:\Users\Krzysio\source\repos\de373c4d-gr11-repo\Projekt\Warcaby PK4\Warcaby PK4\Warcabnica.ixx(130,6): error C2065: "temp": niezadeklarowany identyfikator
C:\Users\Krzysio\source\repos\de373c4d-gr11-repo\Projekt\Warcaby PK4\Warcaby PK4\Warcabnica.ixx(130,26): error C2039: „shared_ptr”: nie jest składową elementu „std”
C:\Users\Krzysio\source\repos\de373c4d-gr11-repo\Projekt\Warcaby PK4\Warcaby PK4\predefined C++ types (compiler internal)(340): message : zobacz deklarację „std”
C:\Users\Krzysio\source\repos\de373c4d-gr11-repo\Projekt\Warcaby PK4\Warcaby PK4\Warcabnica.ixx(130,1): error C2065: "shared_ptr": niezadeklarowany identyfikator
C:\Users\Krzysio\source\repos\de373c4d-gr11-repo\Projekt\Warcaby PK4\Warcaby PK4\Warcabnica.ixx(130,37): error C2065: "polePuste": niezadeklarowany identyfikator
C:\Users\Krzysio\source\repos\de373c4d-gr11-repo\Projekt\Warcaby PK4\Warcaby PK4\Warcabnica.ixx(130,52): error C2061: błąd składniowy: identyfikator „polePuste”
C:\Users\Krzysio\source\repos\de373c4d-gr11-repo\Projekt\Warcaby PK4\Warcaby PK4\Warcabnica.ixx(133,6): error C2065: "temp": niezadeklarowany identyfikator
C:\Users\Krzysio\source\repos\de373c4d-gr11-repo\Projekt\Warcaby PK4\Warcaby PK4\Warcabnica.ixx(133,26): error C2039: „shared_ptr”: nie jest składową elementu „std”
C:\Users\Krzysio\source\repos\de373c4d-gr11-repo\Projekt\Warcaby PK4\Warcaby PK4\predefined C++ types (compiler internal)(340): message : zobacz deklarację „std”
C:\Users\Krzysio\source\repos\de373c4d-gr11-repo\Projekt\Warcaby PK4\Warcaby PK4\Warcabnica.ixx(133,1): fatal error C1003: Licznik błędów przekracza 100; zatrzymywanie kompilacji
